[35m[Appium][39m Available drivers:
[35m[Appium][39m   - uiautomator2@2.32.3 (automationName 'UiAutomator2')
[35m[Appium][39m No plugins have been installed. Use the "appium plugin" command to install the one(s) you want to use.
[38;5;0m[HTTP][0m [37m-->[39m [37mPOST[39m [37m/session[39m
[38;5;0m[HTTP][0m [90m{"capabilities":{"alwaysMatch":{"platformName":"Android","appium:automationName":"UiAutomator2","appium:deviceName":"vivo 1904","appium:platformVersion":"11.0","appium:app":"C:\\Users\\Vania Sasikirana\\Desktop\\Sanbercode\\finalproject-task2-mobileAppium\\webdriverIOmobile\\test\\apk\\Diet_meal.apk","appium:appPackage":"com.fghilmany.dietmealapp","appium:appActivity":"com.fghilmany.dietmealapp.ui.main.MainActivity","appium:noReset":true,"appium:forceAppLaunch":true},"firstMatch":[{}]},"desiredCapabilities":{"platformName":"Android","appium:automationName":"UiAutomator2","appium:deviceName":"vivo 1904","appium:platformVersion":"11.0","appium:app":"C:\\Users\\Vania Sasikirana\\Desktop\\Sanbercode\\finalproject-task2-mobileAppium\\webdriverIOmobile\\test\\apk\\Diet_meal.apk","appium:appPackage":"com.fghilmany.dietmealapp","appium:appActivity":"com.fghilmany.dietmealapp.ui.main.MainActivity","appium:noReset":true,"appium:forceAppLaunch":true}}[39m
[38;5;16m[AppiumDriver@eead][0m Calling AppiumDriver.createSession() with args: [{"platformName":"Android","appium:automationName":"UiAutomator2","appium:deviceName":"vivo 1904","appium:platformVersion":"11.0","appium:app":"C:\\Users\\Vania Sasikirana\\Desktop\\Sanbercode\\finalproject-task2-mobileAppium\\webdriverIOmobile\\test\\apk\\Diet_meal.apk","appium:appPackage":"com.fghilmany.dietmealapp","appium:appActivity":"com.fghilmany.dietmealapp.ui.main.MainActivity","appium:noReset":true,"appium:forceAppLaunch":true},null,{"alwaysMatch":{"platformName":"Android","appium:automationName":"UiAutomator2","appium:deviceName":"vivo 1904","appium:platformVersion":"11.0","appium:app":"C:\\Users\\Vania Sasikirana\\Desktop\\Sanbercode\\finalproject-task2-mobileAppium\\webdriverIOmobile\\test\\apk\\Diet_meal.apk","appium:appPackage":"com.fghilmany.dietmealapp","appium:appActivity":"com.fghilmany.dietmealapp.ui.main.MainActivity","appium:noReset":true,"appium:forceAppLaunch":true},"firstMatch":[{}]}]
[38;5;16m[AppiumDriver@eead][0m Event 'newSessionRequested' logged at 1698599602316 (00:13:22 GMT+0700 (Western Indonesia Time))
[35m[Appium][39m Attempting to find matching driver for automationName 'UiAutomator2' and platformName 'Android'
[35m[Appium][39m The 'uiautomator2' driver was installed and matched caps.
[35m[Appium][39m Will require it at C:\Users\Vania Sasikirana\Desktop\Sanbercode\finalproject-task2-mobileAppium\webdriverIOmobile\node_modules\appium-uiautomator2-driver
[35m[Appium][39m Requiring driver at C:\Users\Vania Sasikirana\Desktop\Sanbercode\finalproject-task2-mobileAppium\webdriverIOmobile\node_modules\appium-uiautomator2-driver
[38;5;16m[AppiumDriver@eead][0m Appium v2.2.1 creating new AndroidUiautomator2Driver (v2.32.3) session
[38;5;16m[AppiumDriver@eead][0m Checking BaseDriver versions for Appium and AndroidUiautomator2Driver
[38;5;16m[AppiumDriver@eead][0m Appium's BaseDriver version is 9.4.1
[38;5;16m[AppiumDriver@eead][0m AndroidUiautomator2Driver's BaseDriver version is 9.4.1
[38;5;32m[AndroidUiautomator2Driver@16e6][0m Creating session with W3C capabilities: {
[38;5;32m[AndroidUiautomator2Driver@16e6][0m   "alwaysMatch": {
[38;5;32m[AndroidUiautomator2Driver@16e6][0m     "platformName": "Android",
[38;5;32m[AndroidUiautomator2Driver@16e6][0m     "appium:automationName": "UiAutomator2",
[38;5;32m[AndroidUiautomator2Driver@16e6][0m     "appium:deviceName": "vivo 1904",
[38;5;32m[AndroidUiautomator2Driver@16e6][0m     "appium:platformVersion": "11.0",
[38;5;32m[AndroidUiautomator2Driver@16e6][0m     "appium:app": "C:\\Users\\Vania Sasikirana\\Desktop\\Sanbercode\\finalproject-task2-mobileAppium\\webdriverIOmobile\\test\\apk\\Diet_meal.apk",
[38;5;32m[AndroidUiautomator2Driver@16e6][0m     "appium:appPackage": "com.fghilmany.dietmealapp",
[38;5;32m[AndroidUiautomator2Driver@16e6][0m     "appium:appActivity": "com.fghilmany.dietmealapp.ui.main.MainActivity",
[38;5;32m[AndroidUiautomator2Driver@16e6][0m     "appium:noReset": true,
[38;5;32m[AndroidUiautomator2Driver@16e6][0m     "appium:forceAppLaunch": true
[38;5;32m[AndroidUiautomator2Driver@16e6][0m   },
[38;5;32m[AndroidUiautomator2Driver@16e6][0m   "firstMatch": [
[38;5;32m[AndroidUiautomator2Driver@16e6][0m     {}
[38;5;32m[AndroidUiautomator2Driver@16e6][0m   ]
[38;5;32m[AndroidUiautomator2Driver@16e6][0m }
[38;5;32m[AndroidUiautomator2Driver@16e6 (2cdcc738)][0m Session created with session id: 2cdcc738-beda-46c7-b347-f105479b3aad
[38;5;48m[BaseDriver][0m Using local app 'C:\Users\Vania Sasikirana\Desktop\Sanbercode\finalproject-task2-mobileAppium\webdriverIOmobile\test\apk\Diet_meal.apk'
[38;5;32m[AndroidUiautomator2Driver@16e6 (2cdcc738)][0m Checking whether app is actually present
[38;5;64m[ADB][0m Found 2 'build-tools' folders under 'C:\Users\Vania Sasikirana\AppData\Local\Android\Sdk' (newest first):
[38;5;64m[ADB][0m     C:\Users\Vania Sasikirana\AppData\Local\Android\Sdk\build-tools\34.0.0
[38;5;64m[ADB][0m     C:\Users\Vania Sasikirana\AppData\Local\Android\Sdk\build-tools\33.0.1
[38;5;64m[ADB][0m Using 'adb.exe' from 'C:\Users\Vania Sasikirana\AppData\Local\Android\Sdk\platform-tools\adb.exe'
[38;5;64m[ADB][0m Running 'C:\Users\Vania Sasikirana\AppData\Local\Android\Sdk\platform-tools\adb.exe -P 5037 start-server'
[38;5;80m[AndroidDriver][0m Retrieving device list
[38;5;64m[ADB][0m Trying to find connected Android devices
[38;5;64m[ADB][0m Getting connected devices
[38;5;64m[ADB][0m Connected devices: [{"udid":"XGYL55LROBHAV8BU","state":"device"}]
[38;5;80m[AndroidDriver][0m Looking for a device with Android '11.0.0'
[38;5;64m[ADB][0m Setting device id to XGYL55LROBHAV8BU
[38;5;64m[ADB][0m Getting device platform version
[38;5;64m[ADB][0m Running 'C:\Users\Vania Sasikirana\AppData\Local\Android\Sdk\platform-tools\adb.exe -P 5037 -s XGYL55LROBHAV8BU shell getprop ro.build.version.release'
[38;5;64m[ADB][0m Current device property 'ro.build.version.release': 11
[38;5;80m[AndroidDriver][0m Using device: XGYL55LROBHAV8BU
[38;5;64m[ADB][0m Using 'adb.exe' from 'C:\Users\Vania Sasikirana\AppData\Local\Android\Sdk\platform-tools\adb.exe'
[38;5;64m[ADB][0m Running 'C:\Users\Vania Sasikirana\AppData\Local\Android\Sdk\platform-tools\adb.exe -P 5037 start-server'
[38;5;64m[ADB][0m Setting device id to XGYL55LROBHAV8BU
[38;5;64m[ADB][0m Running 'C:\Users\Vania Sasikirana\AppData\Local\Android\Sdk\platform-tools\adb.exe -P 5037 -s XGYL55LROBHAV8BU shell getprop ro.build.version.sdk'
[38;5;64m[ADB][0m Current device property 'ro.build.version.sdk': 30
[38;5;64m[ADB][0m Getting device platform version
[38;5;64m[ADB][0m Running 'C:\Users\Vania Sasikirana\AppData\Local\Android\Sdk\platform-tools\adb.exe -P 5037 -s XGYL55LROBHAV8BU shell getprop ro.build.version.release'
[38;5;64m[ADB][0m Current device property 'ro.build.version.release': 11
[38;5;64m[ADB][0m Device API level: 30
[38;5;32m[AndroidUiautomator2Driver@16e6 (2cdcc738)][0m Relaxing hidden api policy
[38;5;64m[ADB][0m Running 'C:\Users\Vania Sasikirana\AppData\Local\Android\Sdk\platform-tools\adb.exe -P 5037 -s XGYL55LROBHAV8BU shell 'settings put global hidden_api_policy_pre_p_apps 1;settings put global hidden_api_policy_p_apps 1;settings put global hidden_api_policy 1''
[38;5;80m[AndroidDriver][0m Pushing settings apk to device...
[38;5;64m[ADB][0m Getting package info for 'io.appium.settings'
[38;5;64m[ADB][0m Running 'C:\Users\Vania Sasikirana\AppData\Local\Android\Sdk\platform-tools\adb.exe -P 5037 -s XGYL55LROBHAV8BU shell dumpsys package io.appium.settings'
[38;5;64m[ADB][0m The version name of the installed 'io.appium.settings' is greater or equal to the application version name ('5.1.2' >= '5.1.2')
[38;5;64m[ADB][0m There is no need to install/upgrade 'C:\Users\Vania Sasikirana\Desktop\Sanbercode\finalproject-task2-mobileAppium\webdriverIOmobile\node_modules\appium-uiautomator2-driver\node_modules\io.appium.settings\apks\settings_apk-debug.apk'
[38;5;64m[ADB][0m Getting IDs of all 'io.appium.settings' processes
[38;5;64m[ADB][0m Running 'C:\Users\Vania Sasikirana\AppData\Local\Android\Sdk\platform-tools\adb.exe -P 5037 -s XGYL55LROBHAV8BU shell 'pgrep --help; echo $?''
[38;5;64m[ADB][0m Running 'C:\Users\Vania Sasikirana\AppData\Local\Android\Sdk\platform-tools\adb.exe -P 5037 -s XGYL55LROBHAV8BU shell pgrep -f \(\[\[:blank:\]\]\|\^\)io\.appium\.settings\(\[\[:blank:\]\]\|\$\)'
[38;5;80m[AndroidDriver][0m io.appium.settings is already running. There is no need to reset its permissions.
[38;5;64m[ADB][0m Running 'C:\Users\Vania Sasikirana\AppData\Local\Android\Sdk\platform-tools\adb.exe -P 5037 -s XGYL55LROBHAV8BU shell appops set io.appium.settings android:mock_location allow'
[38;5;64m[ADB][0m Running 'C:\Users\Vania Sasikirana\AppData\Local\Android\Sdk\platform-tools\adb.exe -P 5037 -s XGYL55LROBHAV8BU shell "[ -e '/data/local/tmp/mock_apps.json' ] && echo __PASS__"'
[38;5;64m[ADB][0m Running 'C:\Users\Vania Sasikirana\AppData\Local\Android\Sdk\platform-tools\adb.exe -P 5037 -s XGYL55LROBHAV8BU shell cat /data/local/tmp/mock_apps.json'
[38;5;96m[Logcat][0m Starting logs capture with command: 'C:\\Users\\Vania Sasikirana\\AppData\\Local\\Android\\Sdk\\platform-tools\\adb.exe' -P 5037 -s XGYL55LROBHAV8BU logcat -v threadtime
[38;5;32m[AndroidUiautomator2Driver@16e6 (2cdcc738)][0m Forwarding UiAutomator2 Server port 6790 to local port 8201
[38;5;64m[ADB][0m Forwarding system: 8201 to device: 6790
[38;5;64m[ADB][0m Running 'C:\Users\Vania Sasikirana\AppData\Local\Android\Sdk\platform-tools\adb.exe -P 5037 -s XGYL55LROBHAV8BU forward tcp:8201 tcp:6790'
[38;5;64m[ADB][0m Checking app cert for C:\Users\Vania Sasikirana\Desktop\Sanbercode\finalproject-task2-mobileAppium\webdriverIOmobile\node_modules\appium-uiautomator2-driver\node_modules\appium-uiautomator2-server\apks\appium-uiautomator2-server-v5.12.7.apk
[38;5;64m[ADB][0m Checking app cert for C:\Users\Vania Sasikirana\Desktop\Sanbercode\finalproject-task2-mobileAppium\webdriverIOmobile\node_modules\appium-uiautomator2-driver\node_modules\appium-uiautomator2-server\apks\appium-uiautomator2-server-debug-androidTest.apk
[38;5;64m[ADB][0m Using 'apksigner.jar' from 'C:\Users\Vania Sasikirana\AppData\Local\Android\Sdk\build-tools\34.0.0\lib\apksigner.jar'
[38;5;64m[ADB][0m Starting apksigner: 'C:\\Program Files\\Java\\jdk1.8.0_301\\bin\\java.exe' -Xmx1024M -Xss1m -jar 'C:\\Users\\Vania Sasikirana\\AppData\\Local\\Android\\Sdk\\build-tools\\34.0.0\\lib\\apksigner.jar' verify --print-certs 'C:\\Users\\Vania Sasikirana\\Desktop\\Sanbercode\\finalproject-task2-mobileAppium\\webdriverIOmobile\\node_modules\\appium-uiautomator2-driver\\node_modules\\appium-uiautomator2-server\\apks\\appium-uiautomator2-server-debug-androidTest.apk'
[38;5;64m[ADB][0m Starting apksigner: 'C:\\Program Files\\Java\\jdk1.8.0_301\\bin\\java.exe' -Xmx1024M -Xss1m -jar 'C:\\Users\\Vania Sasikirana\\AppData\\Local\\Android\\Sdk\\build-tools\\34.0.0\\lib\\apksigner.jar' verify --print-certs 'C:\\Users\\Vania Sasikirana\\Desktop\\Sanbercode\\finalproject-task2-mobileAppium\\webdriverIOmobile\\node_modules\\appium-uiautomator2-driver\\node_modules\\appium-uiautomator2-server\\apks\\appium-uiautomator2-server-v5.12.7.apk'
[38;5;64m[ADB][0m apksigner stdout: Signer #1 certificate DN: EMAILADDRESS=android@android.com, CN=Android, OU=Android, O=Android, L=Mountain View, ST=California, C=US
[38;5;64m[ADB][0m Signer #1 certificate SHA-256 digest: a40da80a59d170caa950cf15c18c454d47a39b26989d8b640ecd745ba71bf5dc
[38;5;64m[ADB][0m Signer #1 certificate SHA-1 digest: 61ed377e85d386a8dfee6b864bd85b0bfaa5af81
[38;5;64m[ADB][0m Signer #1 certificate MD5 digest: e89b158e4bcf988ebd09eb83f5378e87
[38;5;64m[ADB][0m 
[38;5;64m[ADB][0m sha256 hash did match for 'appium-uiautomator2-server-debug-androidTest.apk'
[38;5;64m[ADB][0m 'C:\Users\Vania Sasikirana\Desktop\Sanbercode\finalproject-task2-mobileAppium\webdriverIOmobile\node_modules\appium-uiautomator2-driver\node_modules\appium-uiautomator2-server\apks\appium-uiautomator2-server-debug-androidTest.apk' is signed with the default certificate
[38;5;64m[ADB][0m Getting install status for io.appium.uiautomator2.server.test
[38;5;64m[ADB][0m Running 'C:\Users\Vania Sasikirana\AppData\Local\Android\Sdk\platform-tools\adb.exe -P 5037 -s XGYL55LROBHAV8BU shell pm path io.appium.uiautomator2.server.test'
[38;5;64m[ADB][0m 'io.appium.uiautomator2.server.test' is installed
[38;5;64m[ADB][0m apksigner stdout: Signer #1 certificate DN: EMAILADDRESS=android@android.com, CN=Android, OU=Android, O=Android, L=Mountain View, ST=California, C=US
[38;5;64m[ADB][0m Signer #1 certificate SHA-256 digest: a40da80a59d170caa950cf15c18c454d47a39b26989d8b640ecd745ba71bf5dc
[38;5;64m[ADB][0m Signer #1 certificate SHA-1 digest: 61ed377e85d386a8dfee6b864bd85b0bfaa5af81
[38;5;64m[ADB][0m Signer #1 certificate MD5 digest: e89b158e4bcf988ebd09eb83f5378e87
[38;5;64m[ADB][0m 
[38;5;64m[ADB][0m sha256 hash did match for 'appium-uiautomator2-server-v5.12.7.apk'
[38;5;64m[ADB][0m 'C:\Users\Vania Sasikirana\Desktop\Sanbercode\finalproject-task2-mobileAppium\webdriverIOmobile\node_modules\appium-uiautomator2-driver\node_modules\appium-uiautomator2-server\apks\appium-uiautomator2-server-v5.12.7.apk' is signed with the default certificate
[38;5;64m[ADB][0m Getting package info for 'io.appium.uiautomator2.server'
[38;5;64m[ADB][0m Running 'C:\Users\Vania Sasikirana\AppData\Local\Android\Sdk\platform-tools\adb.exe -P 5037 -s XGYL55LROBHAV8BU shell dumpsys package io.appium.uiautomator2.server'
[38;5;64m[ADB][0m The version name of the installed 'io.appium.uiautomator2.server' is greater or equal to the application version name ('5.12.7' >= '5.12.7')
[38;5;32m[AndroidUiautomator2Driver@16e6 (2cdcc738)][0m Server packages status: [{"wasSigned":true,"installState":"sameVersionInstalled","appPath":"C:\\Users\\Vania Sasikirana\\Desktop\\Sanbercode\\finalproject-task2-mobileAppium\\webdriverIOmobile\\node_modules\\appium-uiautomator2-driver\\node_modules\\appium-uiautomator2-server\\apks\\appium-uiautomator2-server-v5.12.7.apk","appId":"io.appium.uiautomator2.server"},{"wasSigned":true,"installState":"sameVersionInstalled","appPath":"C:\\Users\\Vania Sasikirana\\Desktop\\Sanbercode\\finalproject-task2-mobileAppium\\webdriverIOmobile\\node_modules\\appium-uiautomator2-driver\\node_modules\\appium-uiautomator2-server\\apks\\appium-uiautomator2-server-debug-androidTest.apk","appId":"io.appium.uiautomator2.server.test"}]
[38;5;32m[AndroidUiautomator2Driver@16e6 (2cdcc738)][0m Server packages are not going to be (re)installed
[38;5;32m[AndroidUiautomator2Driver@16e6 (2cdcc738)][0m Waiting up to 30000ms for services to be available
[38;5;64m[ADB][0m Running 'C:\Users\Vania Sasikirana\AppData\Local\Android\Sdk\platform-tools\adb.exe -P 5037 -s XGYL55LROBHAV8BU shell pm list instrumentation'
[38;5;32m[AndroidUiautomator2Driver@16e6 (2cdcc738)][0m Instrumentation target 'io.appium.uiautomator2.server.test/androidx.test.runner.AndroidJUnitRunner' is available
[38;5;64m[ADB][0m Adding packages ["io.appium.settings","io.appium.uiautomator2.server","io.appium.uiautomator2.server.test"] to Doze whitelist
[38;5;64m[ADB][0m Got the following command chunks to execute: [["dumpsys","deviceidle","whitelist","+io.appium.settings",";","dumpsys","deviceidle","whitelist","+io.appium.uiautomator2.server",";","dumpsys","deviceidle","whitelist","+io.appium.uiautomator2.server.test",";"]]
[38;5;64m[ADB][0m Running 'C:\Users\Vania Sasikirana\AppData\Local\Android\Sdk\platform-tools\adb.exe -P 5037 -s XGYL55LROBHAV8BU shell dumpsys deviceidle whitelist +io.appium.settings ; dumpsys deviceidle whitelist +io.appium.uiautomator2.server ; dumpsys deviceidle whitelist +io.appium.uiautomator2.server.test ;'
[38;5;64m[ADB][0m Getting install status for com.fghilmany.dietmealapp
[38;5;64m[ADB][0m Running 'C:\Users\Vania Sasikirana\AppData\Local\Android\Sdk\platform-tools\adb.exe -P 5037 -s XGYL55LROBHAV8BU shell pm path com.fghilmany.dietmealapp'
[38;5;64m[ADB][0m 'com.fghilmany.dietmealapp' is installed
[38;5;32m[AndroidUiautomator2Driver@16e6 (2cdcc738)][0m noReset has been requested and the app is already installed. Doing nothing
[38;5;32m[AndroidUiautomator2Driver@16e6 (2cdcc738)][0m Performing shallow cleanup of automation leftovers
[38;5;32m[AndroidUiautomator2Driver@16e6 (2cdcc738)][0m No obsolete sessions have been detected (socket hang up)
[38;5;64m[ADB][0m Running 'C:\Users\Vania Sasikirana\AppData\Local\Android\Sdk\platform-tools\adb.exe -P 5037 -s XGYL55LROBHAV8BU shell am force-stop io.appium.uiautomator2.server.test'
[38;5;32m[AndroidUiautomator2Driver@16e6 (2cdcc738)][0m Starting UIAutomator2 server 5.12.7
[38;5;32m[AndroidUiautomator2Driver@16e6 (2cdcc738)][0m Using UIAutomator2 server from 'C:\Users\Vania Sasikirana\Desktop\Sanbercode\finalproject-task2-mobileAppium\webdriverIOmobile\node_modules\appium-uiautomator2-driver\node_modules\appium-uiautomator2-server\apks\appium-uiautomator2-server-v5.12.7.apk' and test from 'C:\Users\Vania Sasikirana\Desktop\Sanbercode\finalproject-task2-mobileAppium\webdriverIOmobile\node_modules\appium-uiautomator2-driver\node_modules\appium-uiautomator2-server\apks\appium-uiautomator2-server-debug-androidTest.apk'
[38;5;32m[AndroidUiautomator2Driver@16e6 (2cdcc738)][0m Waiting up to 30000ms for UiAutomator2 to be online...
[38;5;64m[ADB][0m Creating ADB subprocess with args: ["-P","5037","-s","XGYL55LROBHAV8BU","shell","am","instrument","-w","-e","disableAnalytics","true","io.appium.uiautomator2.server.test/androidx.test.runner.AndroidJUnitRunner"]
[38;5;32m[AndroidUiautomator2Driver@16e6 (2cdcc738)][0m Matched '/status' to command name 'getStatus'
[38;5;32m[AndroidUiautomator2Driver@16e6 (2cdcc738)][0m Proxying [GET /status] to [GET http://127.0.0.1:8201/status] with no body
[38;5;32m[AndroidUiautomator2Driver@16e6 (2cdcc738)][0m socket hang up
[38;5;32m[AndroidUiautomator2Driver@16e6 (2cdcc738)][0m Matched '/status' to command name 'getStatus'
[38;5;32m[AndroidUiautomator2Driver@16e6 (2cdcc738)][0m Proxying [GET /status] to [GET http://127.0.0.1:8201/status] with no body
[38;5;32m[AndroidUiautomator2Driver@16e6 (2cdcc738)][0m socket hang up
[38;5;32m[AndroidUiautomator2Driver@16e6 (2cdcc738)][0m Matched '/status' to command name 'getStatus'
[38;5;32m[AndroidUiautomator2Driver@16e6 (2cdcc738)][0m Proxying [GET /status] to [GET http://127.0.0.1:8201/status] with no body
[38;5;32m[AndroidUiautomator2Driver@16e6 (2cdcc738)][0m socket hang up
[38;5;112m[Instrumentation][0m io.appium.uiautomator2.server.test.AppiumUiAutomator2Server:
[38;5;32m[AndroidUiautomator2Driver@16e6 (2cdcc738)][0m Matched '/status' to command name 'getStatus'
[38;5;32m[AndroidUiautomator2Driver@16e6 (2cdcc738)][0m Proxying [GET /status] to [GET http://127.0.0.1:8201/status] with no body
[38;5;32m[AndroidUiautomator2Driver@16e6 (2cdcc738)][0m socket hang up
[38;5;32m[AndroidUiautomator2Driver@16e6 (2cdcc738)][0m Matched '/status' to command name 'getStatus'
[38;5;32m[AndroidUiautomator2Driver@16e6 (2cdcc738)][0m Proxying [GET /status] to [GET http://127.0.0.1:8201/status] with no body
[38;5;32m[AndroidUiautomator2Driver@16e6 (2cdcc738)][0m Got response with status 200: {"sessionId":"None","value":{"message":"UiAutomator2 Server is ready to accept commands","ready":true}}
[38;5;32m[AndroidUiautomator2Driver@16e6 (2cdcc738)][0m The initialization of the instrumentation process took 4268ms
[38;5;32m[AndroidUiautomator2Driver@16e6 (2cdcc738)][0m Matched '/session' to command name 'createSession'
[38;5;32m[AndroidUiautomator2Driver@16e6 (2cdcc738)][0m Proxying [POST /session] to [POST http://127.0.0.1:8201/session] with body: {"capabilities":{"firstMatch":[{"platformName":"Android","automationName":"UiAutomator2","deviceName":"XGYL55LROBHAV8BU","platformVersion":"11.0","app":"C:\\Users\\Vania Sasikirana\\Desktop\\Sanbercode\\finalproject-task2-mobileAppium\\webdriverIOmobile\\test\\apk\\Diet_meal.apk","appPackage":"com.fghilmany.dietmealapp","appActivity":"com.fghilmany.dietmealapp.ui.main.MainActivity","noReset":true,"forceAppLaunch":true,"platform":"LINUX","webStorageEnabled":false,"takesScreenshot":true,"javascriptEnabled":true,"databaseEnabled":false,"networkConnectionEnabled":true,"locationContextEnabled":false,"warnings":{},"desired":{"platformName":"Android","automationName":"UiAutomator2","deviceName":"vivo 1904","platformVersion":"11.0","app":"C:\\Users\\Vania Sasikirana\\Desktop\\Sanbercode\\finalproject-task2-mobileAppium\\webdriverIOmobile\\test\\apk\\Diet_meal.apk","appPackage":"com.fghilmany.dietmealapp","appActivity":"com.fghilmany.dietmealapp.ui.main.MainActivity","noReset":true,"forceAppLaunch":true},"deviceUDI...
[38;5;32m[AndroidUiautomator2Driver@16e6 (2cdcc738)][0m Got response with status 200: {"sessionId":"79e4eb75-5348-4587-80e5-c906c03ca210","value":{"capabilities":{"firstMatch":[{"platformName":"Android","automationName":"UiAutomator2","deviceName":"XGYL55LROBHAV8BU","platformVersion":"11.0","app":"C:\\Users\\Vania Sasikirana\\Desktop\\Sanbercode\\finalproject-task2-mobileAppium\\webdriverIOmobile\\test\\apk\\Diet_meal.apk","appPackage":"com.fghilmany.dietmealapp","appActivity":"com.fghilmany.dietmealapp.ui.main.MainActivity","noReset":true,"forceAppLaunch":true,"platform":"LINUX","webStorageEnabled":false,"takesScreenshot":true,"javascriptEnabled":true,"databaseEnabled":false,"networkConnectionEnabled":true,"locationContextEnabled":false,"warnings":{},"desired":{"platformName":"Android","automationName":"UiAutomator2","deviceName":"vivo 1904","platformVersion":"11.0","app":"C:\\Users\\Vania Sasikirana\\Desktop\\Sanbercode\\finalproject-task2-mobileAppium\\webdriverIOmobile\\test\\apk\\Diet_meal.apk","appPackage":"com.fghilmany.dietmealapp","appActivity":"com.fghilmany.dietmealapp.ui.main.Ma...
[38;5;32m[AndroidUiautomator2Driver@16e6 (2cdcc738)][0m Determined the downstream protocol as 'W3C'
[38;5;32m[AndroidUiautomator2Driver@16e6 (2cdcc738)][0m Proxying [GET /appium/device/pixel_ratio] to [GET http://127.0.0.1:8201/session/79e4eb75-5348-4587-80e5-c906c03ca210/appium/device/pixel_ratio] with no body
[38;5;32m[AndroidUiautomator2Driver@16e6 (2cdcc738)][0m Matched '/appium/device/system_bars' to command name 'getSystemBars'
[38;5;32m[AndroidUiautomator2Driver@16e6 (2cdcc738)][0m Proxying [GET /appium/device/system_bars] to [GET http://127.0.0.1:8201/session/79e4eb75-5348-4587-80e5-c906c03ca210/appium/device/system_bars] with no body
[38;5;32m[AndroidUiautomator2Driver@16e6 (2cdcc738)][0m Matched '/window/current/size' to command name 'getWindowSize'
[38;5;32m[AndroidUiautomator2Driver@16e6 (2cdcc738)][0m Proxying [GET /window/current/size] to [GET http://127.0.0.1:8201/session/79e4eb75-5348-4587-80e5-c906c03ca210/window/current/size] with no body
[38;5;32m[AndroidUiautomator2Driver@16e6 (2cdcc738)][0m Proxying [GET /appium/device/info] to [GET http://127.0.0.1:8201/session/79e4eb75-5348-4587-80e5-c906c03ca210/appium/device/info] with no body
[38;5;64m[ADB][0m Running 'C:\Users\Vania Sasikirana\AppData\Local\Android\Sdk\platform-tools\adb.exe -P 5037 -s XGYL55LROBHAV8BU shell dumpsys window'
[38;5;32m[AndroidUiautomator2Driver@16e6 (2cdcc738)][0m Got response with status 200: {"sessionId":"79e4eb75-5348-4587-80e5-c906c03ca210","value":2}
[38;5;32m[AndroidUiautomator2Driver@16e6 (2cdcc738)][0m Got response with status 200: {"sessionId":"79e4eb75-5348-4587-80e5-c906c03ca210","value":{"statusBar":56}}
[38;5;32m[AndroidUiautomator2Driver@16e6 (2cdcc738)][0m Got response with status 200: {"sessionId":"79e4eb75-5348-4587-80e5-c906c03ca210","value":{"height":1406,"width":720}}
[38;5;32m[AndroidUiautomator2Driver@16e6 (2cdcc738)][0m Got response with status 200: {"sessionId":"79e4eb75-5348-4587-80e5-c906c03ca210","value":{"androidId":"f52dd2adf71e5908","apiVersion":"30","bluetooth":{"state":"OFF"},"brand":"vivo","carrierName":"Telkomsel","displayDensity":320,"locale":"in_ID","manufacturer":"vivo","model":"vivo 1904","networks":[{"capabilities":{"SSID":null,"linkDownBandwidthKbps":67000,"linkUpstreamBandwidthKbps":67000,"networkCapabilities":"NET_CAPABILITY_NOT_METERED,NET_CAPABILITY_INTERNET,NET_CAPABILITY_NOT_RESTRICTED,NET_CAPABILITY_TRUSTED,NET_CAPABILITY_NOT_VPN,NET_CAPABILITY_VALIDATED,NET_CAPABILITY_NOT_ROAMING,NET_CAPABILITY_FOREGROUND,NET_CAPABILITY_NOT_CONGESTED,NET_CAPABILITY_NOT_SUSPENDED","signalStrength":-51,"transportTypes":"TRANSPORT_WIFI"},"detailedState":"CONNECTED","extraInfo":"\"Bismillah\"","isAvailable":true,"isConnected":true,"isFailover":false,"isRoaming":false,"state":"CONNECTED","subtype":0,"subtypeName":"","type":1,"typeName":"WIFI"}],"platformVersion":"11","realDisplaySize":"720x1544","timeZone":"Asia/Jakarta"}}
[38;5;80m[AndroidDriver][0m Screen already unlocked, doing nothing
[38;5;32m[AndroidUiautomator2Driver@16e6 (2cdcc738)][0m Starting 'com.fghilmany.dietmealapp/com.fghilmany.dietmealapp.ui.main.MainActivity and waiting for 'com.fghilmany.dietmealapp/com.fghilmany.dietmealapp.ui.main.MainActivity'
[38;5;64m[ADB][0m Running 'C:\Users\Vania Sasikirana\AppData\Local\Android\Sdk\platform-tools\adb.exe -P 5037 -s XGYL55LROBHAV8BU shell am start -W -n com.fghilmany.dietmealapp/com.fghilmany.dietmealapp.ui.main.MainActivity -S -a android.intent.action.MAIN -c android.intent.category.LAUNCHER -f 0x10200000'
[38;5;16m[AppiumDriver@eead][0m New AndroidUiautomator2Driver session created successfully, session 2cdcc738-beda-46c7-b347-f105479b3aad added to master session list
[38;5;16m[AppiumDriver@eead][0m Event 'newSessionStarted' logged at 1698599614077 (00:13:34 GMT+0700 (Western Indonesia Time))
[38;5;32m[AndroidUiautomator2Driver@16e6 (2cdcc738)][0m Cached the protocol value 'W3C' for the new session 2cdcc738-beda-46c7-b347-f105479b3aad
[38;5;32m[AndroidUiautomator2Driver@16e6 (2cdcc738)][0m Responding to client with driver.createSession() result: {"capabilities":{"platformName":"Android","automationName":"UiAutomator2","deviceName":"XGYL55LROBHAV8BU","platformVersion":"11","app":"C:\\Users\\Vania Sasikirana\\Desktop\\Sanbercode\\finalproject-task2-mobileAppium\\webdriverIOmobile\\test\\apk\\Diet_meal.apk","appPackage":"com.fghilmany.dietmealapp","appActivity":"com.fghilmany.dietmealapp.ui.main.MainActivity","noReset":true,"forceAppLaunch":true,"platform":"LINUX","webStorageEnabled":false,"takesScreenshot":true,"javascriptEnabled":true,"databaseEnabled":false,"networkConnectionEnabled":true,"locationContextEnabled":false,"warnings":{},"desired":{"platformName":"Android","automationName":"UiAutomator2","deviceName":"vivo 1904","platformVersion":"11.0","app":"C:\\Users\\Vania Sasikirana\\Desktop\\Sanbercode\\finalproject-task2-mobileAppium\\webdriverIOmobile\\test\\apk\\Diet_meal.apk","appPackage":"com.fghilmany.dietmealapp","appActivity":"com.fghilmany.dietmealapp.ui.main.MainActivity","noReset":true,"forceAppLaunch":true},"deviceUDID":"XGYL55LROBHAV...
[38;5;0m[HTTP][0m [37m<-- POST /session [39m[32m200[39m [90m11772 ms - 1315[39m
[38;5;0m[HTTP][0m [90m[39m
[38;5;0m[HTTP][0m [37m-->[39m [37mPOST[39m [37m/session/2cdcc738-beda-46c7-b347-f105479b3aad/element[39m
[38;5;0m[HTTP][0m [90m{"using":"xpath","value":"//android.widget.ImageView[@resource-id=\"com.fghilmany.dietmealapp:id/iv_splash\"]"}[39m
[38;5;32m[AndroidUiautomator2Driver@16e6 (2cdcc738)][0m Calling AppiumDriver.findElement() with args: ["xpath","//android.widget.ImageView[@resource-id=\"com.fghilmany.dietmealapp:id/iv_splash\"]","2cdcc738-beda-46c7-b347-f105479b3aad"]
[38;5;32m[AndroidUiautomator2Driver@16e6 (2cdcc738)][0m Valid locator strategies for this request: xpath, id, class name, accessibility id, css selector, -android uiautomator
[38;5;32m[AndroidUiautomator2Driver@16e6 (2cdcc738)][0m Waiting up to 0 ms for condition
[38;5;32m[AndroidUiautomator2Driver@16e6 (2cdcc738)][0m Matched '/element' to command name 'findElement'
[38;5;32m[AndroidUiautomator2Driver@16e6 (2cdcc738)][0m Proxying [POST /element] to [POST http://127.0.0.1:8201/session/79e4eb75-5348-4587-80e5-c906c03ca210/element] with body: {"strategy":"xpath","selector":"//android.widget.ImageView[@resource-id=\"com.fghilmany.dietmealapp:id/iv_splash\"]","context":"","multiple":false}
[38;5;32m[AndroidUiautomator2Driver@16e6 (2cdcc738)][0m Got response with status 200: {"sessionId":"79e4eb75-5348-4587-80e5-c906c03ca210","value":{"ELEMENT":"00000000-0000-0180-ffff-ffff00000009","element-6066-11e4-a52e-4f735466cecf":"00000000-0000-0180-ffff-ffff00000009"}}
[38;5;32m[AndroidUiautomator2Driver@16e6 (2cdcc738)][0m Responding to client with driver.findElement() result: {"element-6066-11e4-a52e-4f735466cecf":"00000000-0000-0180-ffff-ffff00000009","ELEMENT":"00000000-0000-0180-ffff-ffff00000009"}
[38;5;0m[HTTP][0m [37m<-- POST /session/2cdcc738-beda-46c7-b347-f105479b3aad/element [39m[32m200[39m [90m1226 ms - 137[39m
[38;5;0m[HTTP][0m [90m[39m
[38;5;0m[HTTP][0m [37m-->[39m [37mGET[39m [37m/session/2cdcc738-beda-46c7-b347-f105479b3aad/element/00000000-0000-0180-ffff-ffff00000009/displayed[39m
[38;5;0m[HTTP][0m [90m{}[39m
[38;5;32m[AndroidUiautomator2Driver@16e6 (2cdcc738)][0m Calling AppiumDriver.elementDisplayed() with args: ["00000000-0000-0180-ffff-ffff00000009","2cdcc738-beda-46c7-b347-f105479b3aad"]
[38;5;32m[AndroidUiautomator2Driver@16e6 (2cdcc738)][0m Matched '/element/00000000-0000-0180-ffff-ffff00000009/attribute/displayed' to command name 'getAttribute'
[38;5;32m[AndroidUiautomator2Driver@16e6 (2cdcc738)][0m Proxying [GET /element/00000000-0000-0180-ffff-ffff00000009/attribute/displayed] to [GET http://127.0.0.1:8201/session/79e4eb75-5348-4587-80e5-c906c03ca210/element/00000000-0000-0180-ffff-ffff00000009/attribute/displayed] with no body
[38;5;32m[AndroidUiautomator2Driver@16e6 (2cdcc738)][0m Got response with status 200: {"sessionId":"79e4eb75-5348-4587-80e5-c906c03ca210","value":"true"}
[38;5;32m[AndroidUiautomator2Driver@16e6 (2cdcc738)][0m Responding to client with driver.elementDisplayed() result: true
[38;5;0m[HTTP][0m [37m<-- GET /session/2cdcc738-beda-46c7-b347-f105479b3aad/element/00000000-0000-0180-ffff-ffff00000009/displayed [39m[32m200[39m [90m42 ms - 14[39m
[38;5;0m[HTTP][0m [90m[39m
[38;5;0m[HTTP][0m [37m-->[39m [37mPOST[39m [37m/session/2cdcc738-beda-46c7-b347-f105479b3aad/element[39m
[38;5;0m[HTTP][0m [90m{"using":"xpath","value":"//android.widget.EditText[@resource-id='com.fghilmany.dietmealapp:id/et_name']"}[39m
[38;5;32m[AndroidUiautomator2Driver@16e6 (2cdcc738)][0m Calling AppiumDriver.findElement() with args: ["xpath","//android.widget.EditText[@resource-id='com.fghilmany.dietmealapp:id/et_name']","2cdcc738-beda-46c7-b347-f105479b3aad"]
[38;5;32m[AndroidUiautomator2Driver@16e6 (2cdcc738)][0m Valid locator strategies for this request: xpath, id, class name, accessibility id, css selector, -android uiautomator
[38;5;32m[AndroidUiautomator2Driver@16e6 (2cdcc738)][0m Waiting up to 0 ms for condition
[38;5;32m[AndroidUiautomator2Driver@16e6 (2cdcc738)][0m Matched '/element' to command name 'findElement'
[38;5;32m[AndroidUiautomator2Driver@16e6 (2cdcc738)][0m Proxying [POST /element] to [POST http://127.0.0.1:8201/session/79e4eb75-5348-4587-80e5-c906c03ca210/element] with body: {"strategy":"xpath","selector":"//android.widget.EditText[@resource-id='com.fghilmany.dietmealapp:id/et_name']","context":"","multiple":false}
[38;5;32m[AndroidUiautomator2Driver@16e6 (2cdcc738)][0m Got response with status 404: {"sessionId":"79e4eb75-5348-4587-80e5-c906c03ca210","value":{"error":"no such element","message":"An element could not be located on the page using the given search parameters","stacktrace":"io.appium.uiautomator2.common.exceptions.ElementNotFoundException: An element could not be located on the page using the given search parameters\n\tat io.appium.uiautomator2.utils.ElementLocationHelpers.findElement(ElementLocationHelpers.java:156)\n\tat io.appium.uiautomator2.handler.FindElement.safeHandle(FindElement.java:60)\n\tat io.appium.uiautomator2.handler.request.SafeRequestHandler.handle(SafeRequestHandler.java:59)\n\tat io.appium.uiautomator2.server.AppiumServlet.handleRequest(AppiumServlet.java:277)\n\tat io.appium.uiautomator2.server.AppiumServlet.handleHttpRequest(AppiumServlet.java:271)\n\tat io.appium.uiautomator2.http.ServerHandler.channelRead(ServerHandler.java:77)\n\tat io.netty.channel.AbstractChannelHandlerContext.invokeChannelRead(AbstractChannelHandlerContext.java:366)\n\tat io.netty.channel.Abstr...
[38;5;128m[W3C][0m Matched W3C error code 'no such element' to NoSuchElementError
[38;5;32m[AndroidUiautomator2Driver@16e6 (2cdcc738)][0m Encountered internal error running command: NoSuchElementError: An element could not be located on the page using the given search parameters.
[38;5;32m[AndroidUiautomator2Driver@16e6 (2cdcc738)][0m     at AndroidUiautomator2Driver.findElOrEls (C:\Users\Vania Sasikirana\Desktop\Sanbercode\finalproject-task2-mobileAppium\webdriverIOmobile\node_modules\appium-uiautomator2-driver\node_modules\appium-android-driver\lib\commands\find.ts:87:11)
[38;5;32m[AndroidUiautomator2Driver@16e6 (2cdcc738)][0m     at processTicksAndRejections (node:internal/process/task_queues:95:5)
[38;5;32m[AndroidUiautomator2Driver@16e6 (2cdcc738)][0m     at AndroidUiautomator2Driver.findElOrElsWithProcessing (C:\Users\Vania Sasikirana\Desktop\Sanbercode\finalproject-task2-mobileAppium\webdriverIOmobile\node_modules\@appium\base-driver\lib\basedriver\commands\find.ts:60:12)
[38;5;32m[AndroidUiautomator2Driver@16e6 (2cdcc738)][0m     at AndroidUiautomator2Driver.findElement (C:\Users\Vania Sasikirana\Desktop\Sanbercode\finalproject-task2-mobileAppium\webdriverIOmobile\node_modules\@appium\base-driver\lib\basedriver\commands\find.ts:75:12)
[38;5;0m[HTTP][0m [37m<-- POST /session/2cdcc738-beda-46c7-b347-f105479b3aad/element [39m[33m404[39m [90m132 ms - 1043[39m
[38;5;0m[HTTP][0m [90m[39m
[38;5;0m[HTTP][0m [37m-->[39m [37mPOST[39m [37m/session/2cdcc738-beda-46c7-b347-f105479b3aad/elements[39m
[38;5;0m[HTTP][0m [90m{"using":"xpath","value":"//android.widget.EditText[@resource-id='com.fghilmany.dietmealapp:id/et_name']"}[39m
[38;5;32m[AndroidUiautomator2Driver@16e6 (2cdcc738)][0m Calling AppiumDriver.findElements() with args: ["xpath","//android.widget.EditText[@resource-id='com.fghilmany.dietmealapp:id/et_name']","2cdcc738-beda-46c7-b347-f105479b3aad"]
[38;5;32m[AndroidUiautomator2Driver@16e6 (2cdcc738)][0m Valid locator strategies for this request: xpath, id, class name, accessibility id, css selector, -android uiautomator
[38;5;32m[AndroidUiautomator2Driver@16e6 (2cdcc738)][0m Waiting up to 0 ms for condition
[38;5;32m[AndroidUiautomator2Driver@16e6 (2cdcc738)][0m Matched '/elements' to command name 'findElements'
[38;5;32m[AndroidUiautomator2Driver@16e6 (2cdcc738)][0m Proxying [POST /elements] to [POST http://127.0.0.1:8201/session/79e4eb75-5348-4587-80e5-c906c03ca210/elements] with body: {"strategy":"xpath","selector":"//android.widget.EditText[@resource-id='com.fghilmany.dietmealapp:id/et_name']","context":"","multiple":true}
[38;5;32m[AndroidUiautomator2Driver@16e6 (2cdcc738)][0m Got response with status 200: {"sessionId":"79e4eb75-5348-4587-80e5-c906c03ca210","value":[]}
[38;5;32m[AndroidUiautomator2Driver@16e6 (2cdcc738)][0m Responding to client with driver.findElements() result: []
[38;5;0m[HTTP][0m [37m<-- POST /session/2cdcc738-beda-46c7-b347-f105479b3aad/elements [39m[32m200[39m [90m105 ms - 12[39m
[38;5;0m[HTTP][0m [90m[39m
[38;5;0m[HTTP][0m [37m-->[39m [37mPOST[39m [37m/session/2cdcc738-beda-46c7-b347-f105479b3aad/elements[39m
[38;5;0m[HTTP][0m [90m{"using":"xpath","value":"//android.widget.EditText[@resource-id='com.fghilmany.dietmealapp:id/et_name']"}[39m
[38;5;32m[AndroidUiautomator2Driver@16e6 (2cdcc738)][0m Calling AppiumDriver.findElements() with args: ["xpath","//android.widget.EditText[@resource-id='com.fghilmany.dietmealapp:id/et_name']","2cdcc738-beda-46c7-b347-f105479b3aad"]
[38;5;32m[AndroidUiautomator2Driver@16e6 (2cdcc738)][0m Valid locator strategies for this request: xpath, id, class name, accessibility id, css selector, -android uiautomator
[38;5;32m[AndroidUiautomator2Driver@16e6 (2cdcc738)][0m Waiting up to 0 ms for condition
[38;5;32m[AndroidUiautomator2Driver@16e6 (2cdcc738)][0m Matched '/elements' to command name 'findElements'
[38;5;32m[AndroidUiautomator2Driver@16e6 (2cdcc738)][0m Proxying [POST /elements] to [POST http://127.0.0.1:8201/session/79e4eb75-5348-4587-80e5-c906c03ca210/elements] with body: {"strategy":"xpath","selector":"//android.widget.EditText[@resource-id='com.fghilmany.dietmealapp:id/et_name']","context":"","multiple":true}
[38;5;32m[AndroidUiautomator2Driver@16e6 (2cdcc738)][0m Got response with status 200: {"sessionId":"79e4eb75-5348-4587-80e5-c906c03ca210","value":[]}
[38;5;32m[AndroidUiautomator2Driver@16e6 (2cdcc738)][0m Responding to client with driver.findElements() result: []
[38;5;0m[HTTP][0m [37m<-- POST /session/2cdcc738-beda-46c7-b347-f105479b3aad/elements [39m[32m200[39m [90m122 ms - 12[39m
[38;5;0m[HTTP][0m [90m[39m
[38;5;0m[HTTP][0m [37m-->[39m [37mPOST[39m [37m/session/2cdcc738-beda-46c7-b347-f105479b3aad/elements[39m
[38;5;0m[HTTP][0m [90m{"using":"xpath","value":"//android.widget.EditText[@resource-id='com.fghilmany.dietmealapp:id/et_name']"}[39m
[38;5;32m[AndroidUiautomator2Driver@16e6 (2cdcc738)][0m Calling AppiumDriver.findElements() with args: ["xpath","//android.widget.EditText[@resource-id='com.fghilmany.dietmealapp:id/et_name']","2cdcc738-beda-46c7-b347-f105479b3aad"]
[38;5;32m[AndroidUiautomator2Driver@16e6 (2cdcc738)][0m Valid locator strategies for this request: xpath, id, class name, accessibility id, css selector, -android uiautomator
[38;5;32m[AndroidUiautomator2Driver@16e6 (2cdcc738)][0m Waiting up to 0 ms for condition
[38;5;32m[AndroidUiautomator2Driver@16e6 (2cdcc738)][0m Matched '/elements' to command name 'findElements'
[38;5;32m[AndroidUiautomator2Driver@16e6 (2cdcc738)][0m Proxying [POST /elements] to [POST http://127.0.0.1:8201/session/79e4eb75-5348-4587-80e5-c906c03ca210/elements] with body: {"strategy":"xpath","selector":"//android.widget.EditText[@resource-id='com.fghilmany.dietmealapp:id/et_name']","context":"","multiple":true}
[38;5;32m[AndroidUiautomator2Driver@16e6 (2cdcc738)][0m Got response with status 200: {"sessionId":"79e4eb75-5348-4587-80e5-c906c03ca210","value":[]}
[38;5;32m[AndroidUiautomator2Driver@16e6 (2cdcc738)][0m Responding to client with driver.findElements() result: []
[38;5;0m[HTTP][0m [37m<-- POST /session/2cdcc738-beda-46c7-b347-f105479b3aad/elements [39m[32m200[39m [90m643 ms - 12[39m
[38;5;0m[HTTP][0m [90m[39m
[38;5;0m[HTTP][0m [37m-->[39m [37mPOST[39m [37m/session/2cdcc738-beda-46c7-b347-f105479b3aad/elements[39m
[38;5;0m[HTTP][0m [90m{"using":"xpath","value":"//android.widget.EditText[@resource-id='com.fghilmany.dietmealapp:id/et_name']"}[39m
[38;5;32m[AndroidUiautomator2Driver@16e6 (2cdcc738)][0m Calling AppiumDriver.findElements() with args: ["xpath","//android.widget.EditText[@resource-id='com.fghilmany.dietmealapp:id/et_name']","2cdcc738-beda-46c7-b347-f105479b3aad"]
[38;5;32m[AndroidUiautomator2Driver@16e6 (2cdcc738)][0m Valid locator strategies for this request: xpath, id, class name, accessibility id, css selector, -android uiautomator
[38;5;32m[AndroidUiautomator2Driver@16e6 (2cdcc738)][0m Waiting up to 0 ms for condition
[38;5;32m[AndroidUiautomator2Driver@16e6 (2cdcc738)][0m Matched '/elements' to command name 'findElements'
[38;5;32m[AndroidUiautomator2Driver@16e6 (2cdcc738)][0m Proxying [POST /elements] to [POST http://127.0.0.1:8201/session/79e4eb75-5348-4587-80e5-c906c03ca210/elements] with body: {"strategy":"xpath","selector":"//android.widget.EditText[@resource-id='com.fghilmany.dietmealapp:id/et_name']","context":"","multiple":true}
[38;5;32m[AndroidUiautomator2Driver@16e6 (2cdcc738)][0m Got response with status 200: {"sessionId":"79e4eb75-5348-4587-80e5-c906c03ca210","value":[{"ELEMENT":"00000000-0000-0180-ffff-ffff00000013","element-6066-11e4-a52e-4f735466cecf":"00000000-0000-0180-ffff-ffff00000013"}]}
[38;5;32m[AndroidUiautomator2Driver@16e6 (2cdcc738)][0m Responding to client with driver.findElements() result: [{"element-6066-11e4-a52e-4f735466cecf":"00000000-0000-0180-ffff-ffff00000013","ELEMENT":"00000000-0000-0180-ffff-ffff00000013"}]
[38;5;0m[HTTP][0m [37m<-- POST /session/2cdcc738-beda-46c7-b347-f105479b3aad/elements [39m[32m200[39m [90m908 ms - 139[39m
[38;5;0m[HTTP][0m [90m[39m
[38;5;0m[HTTP][0m [37m-->[39m [37mPOST[39m [37m/session/2cdcc738-beda-46c7-b347-f105479b3aad/element[39m
[38;5;0m[HTTP][0m [90m{"using":"xpath","value":"//android.widget.EditText[@resource-id='com.fghilmany.dietmealapp:id/et_name']"}[39m
[38;5;32m[AndroidUiautomator2Driver@16e6 (2cdcc738)][0m Calling AppiumDriver.findElement() with args: ["xpath","//android.widget.EditText[@resource-id='com.fghilmany.dietmealapp:id/et_name']","2cdcc738-beda-46c7-b347-f105479b3aad"]
[38;5;32m[AndroidUiautomator2Driver@16e6 (2cdcc738)][0m Valid locator strategies for this request: xpath, id, class name, accessibility id, css selector, -android uiautomator
[38;5;32m[AndroidUiautomator2Driver@16e6 (2cdcc738)][0m Waiting up to 0 ms for condition
[38;5;32m[AndroidUiautomator2Driver@16e6 (2cdcc738)][0m Matched '/element' to command name 'findElement'
[38;5;32m[AndroidUiautomator2Driver@16e6 (2cdcc738)][0m Proxying [POST /element] to [POST http://127.0.0.1:8201/session/79e4eb75-5348-4587-80e5-c906c03ca210/element] with body: {"strategy":"xpath","selector":"//android.widget.EditText[@resource-id='com.fghilmany.dietmealapp:id/et_name']","context":"","multiple":false}
[38;5;32m[AndroidUiautomator2Driver@16e6 (2cdcc738)][0m Got response with status 200: {"sessionId":"79e4eb75-5348-4587-80e5-c906c03ca210","value":{"ELEMENT":"00000000-0000-0180-ffff-ffff00000013","element-6066-11e4-a52e-4f735466cecf":"00000000-0000-0180-ffff-ffff00000013"}}
[38;5;32m[AndroidUiautomator2Driver@16e6 (2cdcc738)][0m Responding to client with driver.findElement() result: {"element-6066-11e4-a52e-4f735466cecf":"00000000-0000-0180-ffff-ffff00000013","ELEMENT":"00000000-0000-0180-ffff-ffff00000013"}
[38;5;0m[HTTP][0m [37m<-- POST /session/2cdcc738-beda-46c7-b347-f105479b3aad/element [39m[32m200[39m [90m166 ms - 137[39m
[38;5;0m[HTTP][0m [90m[39m
[38;5;0m[HTTP][0m [37m-->[39m [37mPOST[39m [37m/session/2cdcc738-beda-46c7-b347-f105479b3aad/element/00000000-0000-0180-ffff-ffff00000013/click[39m
[38;5;0m[HTTP][0m [90m{}[39m
[38;5;32m[AndroidUiautomator2Driver@16e6 (2cdcc738)][0m Calling AppiumDriver.click() with args: ["00000000-0000-0180-ffff-ffff00000013","2cdcc738-beda-46c7-b347-f105479b3aad"]
[38;5;32m[AndroidUiautomator2Driver@16e6 (2cdcc738)][0m Matched '/element/00000000-0000-0180-ffff-ffff00000013/click' to command name 'click'
[38;5;32m[AndroidUiautomator2Driver@16e6 (2cdcc738)][0m Proxying [POST /element/00000000-0000-0180-ffff-ffff00000013/click] to [POST http://127.0.0.1:8201/session/79e4eb75-5348-4587-80e5-c906c03ca210/element/00000000-0000-0180-ffff-ffff00000013/click] with body: {"element":"00000000-0000-0180-ffff-ffff00000013"}
[38;5;32m[AndroidUiautomator2Driver@16e6 (2cdcc738)][0m Got response with status 200: {"sessionId":"79e4eb75-5348-4587-80e5-c906c03ca210","value":null}
[38;5;32m[AndroidUiautomator2Driver@16e6 (2cdcc738)][0m Responding to client with driver.click() result: null
[38;5;0m[HTTP][0m [37m<-- POST /session/2cdcc738-beda-46c7-b347-f105479b3aad/element/00000000-0000-0180-ffff-ffff00000013/click [39m[32m200[39m [90m137 ms - 14[39m
[38;5;0m[HTTP][0m [90m[39m
[38;5;0m[HTTP][0m [37m-->[39m [37mPOST[39m [37m/session/2cdcc738-beda-46c7-b347-f105479b3aad/element[39m
[38;5;0m[HTTP][0m [90m{"using":"xpath","value":"//android.widget.EditText[@resource-id='com.fghilmany.dietmealapp:id/et_name']"}[39m
[38;5;32m[AndroidUiautomator2Driver@16e6 (2cdcc738)][0m Calling AppiumDriver.findElement() with args: ["xpath","//android.widget.EditText[@resource-id='com.fghilmany.dietmealapp:id/et_name']","2cdcc738-beda-46c7-b347-f105479b3aad"]
[38;5;32m[AndroidUiautomator2Driver@16e6 (2cdcc738)][0m Valid locator strategies for this request: xpath, id, class name, accessibility id, css selector, -android uiautomator
[38;5;32m[AndroidUiautomator2Driver@16e6 (2cdcc738)][0m Waiting up to 0 ms for condition
[38;5;32m[AndroidUiautomator2Driver@16e6 (2cdcc738)][0m Matched '/element' to command name 'findElement'
[38;5;32m[AndroidUiautomator2Driver@16e6 (2cdcc738)][0m Proxying [POST /element] to [POST http://127.0.0.1:8201/session/79e4eb75-5348-4587-80e5-c906c03ca210/element] with body: {"strategy":"xpath","selector":"//android.widget.EditText[@resource-id='com.fghilmany.dietmealapp:id/et_name']","context":"","multiple":false}
[38;5;32m[AndroidUiautomator2Driver@16e6 (2cdcc738)][0m Got response with status 200: {"sessionId":"79e4eb75-5348-4587-80e5-c906c03ca210","value":{"ELEMENT":"00000000-0000-0180-ffff-ffff00000013","element-6066-11e4-a52e-4f735466cecf":"00000000-0000-0180-ffff-ffff00000013"}}
[38;5;32m[AndroidUiautomator2Driver@16e6 (2cdcc738)][0m Responding to client with driver.findElement() result: {"element-6066-11e4-a52e-4f735466cecf":"00000000-0000-0180-ffff-ffff00000013","ELEMENT":"00000000-0000-0180-ffff-ffff00000013"}
[38;5;0m[HTTP][0m [37m<-- POST /session/2cdcc738-beda-46c7-b347-f105479b3aad/element [39m[32m200[39m [90m241 ms - 137[39m
[38;5;0m[HTTP][0m [90m[39m
[38;5;0m[HTTP][0m [37m-->[39m [37mPOST[39m [37m/session/2cdcc738-beda-46c7-b347-f105479b3aad/element/00000000-0000-0180-ffff-ffff00000013/clear[39m
[38;5;0m[HTTP][0m [90m{}[39m
[38;5;32m[AndroidUiautomator2Driver@16e6 (2cdcc738)][0m Calling AppiumDriver.clear() with args: ["00000000-0000-0180-ffff-ffff00000013","2cdcc738-beda-46c7-b347-f105479b3aad"]
[38;5;32m[AndroidUiautomator2Driver@16e6 (2cdcc738)][0m Matched '/element/00000000-0000-0180-ffff-ffff00000013/clear' to command name 'clear'
[38;5;32m[AndroidUiautomator2Driver@16e6 (2cdcc738)][0m Proxying [POST /element/00000000-0000-0180-ffff-ffff00000013/clear] to [POST http://127.0.0.1:8201/session/79e4eb75-5348-4587-80e5-c906c03ca210/element/00000000-0000-0180-ffff-ffff00000013/clear] with body: {"elementId":"00000000-0000-0180-ffff-ffff00000013"}
[38;5;32m[AndroidUiautomator2Driver@16e6 (2cdcc738)][0m Got response with status 200: {"sessionId":"79e4eb75-5348-4587-80e5-c906c03ca210","value":null}
[38;5;32m[AndroidUiautomator2Driver@16e6 (2cdcc738)][0m Responding to client with driver.clear() result: null
[38;5;0m[HTTP][0m [37m<-- POST /session/2cdcc738-beda-46c7-b347-f105479b3aad/element/00000000-0000-0180-ffff-ffff00000013/clear [39m[32m200[39m [90m656 ms - 14[39m
[38;5;0m[HTTP][0m [90m[39m
[38;5;0m[HTTP][0m [37m-->[39m [37mPOST[39m [37m/session/2cdcc738-beda-46c7-b347-f105479b3aad/element/00000000-0000-0180-ffff-ffff00000013/value[39m
[38;5;0m[HTTP][0m [90m{"text":"Vania Sasikirana"}[39m
[38;5;32m[AndroidUiautomator2Driver@16e6 (2cdcc738)][0m Calling AppiumDriver.setValue() with args: ["Vania Sasikirana","00000000-0000-0180-ffff-ffff00000013","2cdcc738-beda-46c7-b347-f105479b3aad"]
[38;5;32m[AndroidUiautomator2Driver@16e6 (2cdcc738)][0m Matched '/element/00000000-0000-0180-ffff-ffff00000013/value' to command name 'setValue'
[38;5;32m[AndroidUiautomator2Driver@16e6 (2cdcc738)][0m Added 'value' property ["V","a","n","i","a"," ","S","a","s","i","k","i","r","a","n","a"] to 'setValue' request body
[38;5;32m[AndroidUiautomator2Driver@16e6 (2cdcc738)][0m Proxying [POST /element/00000000-0000-0180-ffff-ffff00000013/value] to [POST http://127.0.0.1:8201/session/79e4eb75-5348-4587-80e5-c906c03ca210/element/00000000-0000-0180-ffff-ffff00000013/value] with body: {"elementId":"00000000-0000-0180-ffff-ffff00000013","text":"Vania Sasikirana","replace":false,"value":["V","a","n","i","a"," ","S","a","s","i","k","i","r","a","n","a"]}
[38;5;32m[AndroidUiautomator2Driver@16e6 (2cdcc738)][0m Got response with status 200: {"sessionId":"79e4eb75-5348-4587-80e5-c906c03ca210","value":null}
[38;5;32m[AndroidUiautomator2Driver@16e6 (2cdcc738)][0m Responding to client with driver.setValue() result: null
[38;5;0m[HTTP][0m [37m<-- POST /session/2cdcc738-beda-46c7-b347-f105479b3aad/element/00000000-0000-0180-ffff-ffff00000013/value [39m[32m200[39m [90m1471 ms - 14[39m
[38;5;0m[HTTP][0m [90m[39m
[38;5;0m[HTTP][0m [37m-->[39m [37mPOST[39m [37m/session/2cdcc738-beda-46c7-b347-f105479b3aad/element[39m
[38;5;0m[HTTP][0m [90m{"using":"xpath","value":"//android.widget.EditText[@resource-id='com.fghilmany.dietmealapp:id/et_weight']"}[39m
[38;5;32m[AndroidUiautomator2Driver@16e6 (2cdcc738)][0m Calling AppiumDriver.findElement() with args: ["xpath","//android.widget.EditText[@resource-id='com.fghilmany.dietmealapp:id/et_weight']","2cdcc738-beda-46c7-b347-f105479b3aad"]
[38;5;32m[AndroidUiautomator2Driver@16e6 (2cdcc738)][0m Valid locator strategies for this request: xpath, id, class name, accessibility id, css selector, -android uiautomator
[38;5;32m[AndroidUiautomator2Driver@16e6 (2cdcc738)][0m Waiting up to 0 ms for condition
[38;5;32m[AndroidUiautomator2Driver@16e6 (2cdcc738)][0m Matched '/element' to command name 'findElement'
[38;5;32m[AndroidUiautomator2Driver@16e6 (2cdcc738)][0m Proxying [POST /element] to [POST http://127.0.0.1:8201/session/79e4eb75-5348-4587-80e5-c906c03ca210/element] with body: {"strategy":"xpath","selector":"//android.widget.EditText[@resource-id='com.fghilmany.dietmealapp:id/et_weight']","context":"","multiple":false}
[38;5;32m[AndroidUiautomator2Driver@16e6 (2cdcc738)][0m Got response with status 200: {"sessionId":"79e4eb75-5348-4587-80e5-c906c03ca210","value":{"ELEMENT":"00000000-0000-0180-ffff-ffff0000001f","element-6066-11e4-a52e-4f735466cecf":"00000000-0000-0180-ffff-ffff0000001f"}}
[38;5;32m[AndroidUiautomator2Driver@16e6 (2cdcc738)][0m Responding to client with driver.findElement() result: {"element-6066-11e4-a52e-4f735466cecf":"00000000-0000-0180-ffff-ffff0000001f","ELEMENT":"00000000-0000-0180-ffff-ffff0000001f"}
[38;5;0m[HTTP][0m [37m<-- POST /session/2cdcc738-beda-46c7-b347-f105479b3aad/element [39m[32m200[39m [90m1552 ms - 137[39m
[38;5;0m[HTTP][0m [90m[39m
[38;5;0m[HTTP][0m [37m-->[39m [37mPOST[39m [37m/session/2cdcc738-beda-46c7-b347-f105479b3aad/element/00000000-0000-0180-ffff-ffff0000001f/click[39m
[38;5;0m[HTTP][0m [90m{}[39m
[38;5;32m[AndroidUiautomator2Driver@16e6 (2cdcc738)][0m Calling AppiumDriver.click() with args: ["00000000-0000-0180-ffff-ffff0000001f","2cdcc738-beda-46c7-b347-f105479b3aad"]
[38;5;32m[AndroidUiautomator2Driver@16e6 (2cdcc738)][0m Matched '/element/00000000-0000-0180-ffff-ffff0000001f/click' to command name 'click'
[38;5;32m[AndroidUiautomator2Driver@16e6 (2cdcc738)][0m Proxying [POST /element/00000000-0000-0180-ffff-ffff0000001f/click] to [POST http://127.0.0.1:8201/session/79e4eb75-5348-4587-80e5-c906c03ca210/element/00000000-0000-0180-ffff-ffff0000001f/click] with body: {"element":"00000000-0000-0180-ffff-ffff0000001f"}
[38;5;32m[AndroidUiautomator2Driver@16e6 (2cdcc738)][0m Got response with status 200: {"sessionId":"79e4eb75-5348-4587-80e5-c906c03ca210","value":null}
[38;5;32m[AndroidUiautomator2Driver@16e6 (2cdcc738)][0m Responding to client with driver.click() result: null
[38;5;0m[HTTP][0m [37m<-- POST /session/2cdcc738-beda-46c7-b347-f105479b3aad/element/00000000-0000-0180-ffff-ffff0000001f/click [39m[32m200[39m [90m189 ms - 14[39m
[38;5;0m[HTTP][0m [90m[39m
[38;5;0m[HTTP][0m [37m-->[39m [37mPOST[39m [37m/session/2cdcc738-beda-46c7-b347-f105479b3aad/element[39m
[38;5;0m[HTTP][0m [90m{"using":"xpath","value":"//android.widget.EditText[@resource-id='com.fghilmany.dietmealapp:id/et_weight']"}[39m
[38;5;32m[AndroidUiautomator2Driver@16e6 (2cdcc738)][0m Calling AppiumDriver.findElement() with args: ["xpath","//android.widget.EditText[@resource-id='com.fghilmany.dietmealapp:id/et_weight']","2cdcc738-beda-46c7-b347-f105479b3aad"]
[38;5;32m[AndroidUiautomator2Driver@16e6 (2cdcc738)][0m Valid locator strategies for this request: xpath, id, class name, accessibility id, css selector, -android uiautomator
[38;5;32m[AndroidUiautomator2Driver@16e6 (2cdcc738)][0m Waiting up to 0 ms for condition
[38;5;32m[AndroidUiautomator2Driver@16e6 (2cdcc738)][0m Matched '/element' to command name 'findElement'
[38;5;32m[AndroidUiautomator2Driver@16e6 (2cdcc738)][0m Proxying [POST /element] to [POST http://127.0.0.1:8201/session/79e4eb75-5348-4587-80e5-c906c03ca210/element] with body: {"strategy":"xpath","selector":"//android.widget.EditText[@resource-id='com.fghilmany.dietmealapp:id/et_weight']","context":"","multiple":false}
[38;5;32m[AndroidUiautomator2Driver@16e6 (2cdcc738)][0m Got response with status 200: {"sessionId":"79e4eb75-5348-4587-80e5-c906c03ca210","value":{"ELEMENT":"00000000-0000-0180-ffff-ffff0000001f","element-6066-11e4-a52e-4f735466cecf":"00000000-0000-0180-ffff-ffff0000001f"}}
[38;5;32m[AndroidUiautomator2Driver@16e6 (2cdcc738)][0m Responding to client with driver.findElement() result: {"element-6066-11e4-a52e-4f735466cecf":"00000000-0000-0180-ffff-ffff0000001f","ELEMENT":"00000000-0000-0180-ffff-ffff0000001f"}
[38;5;0m[HTTP][0m [37m<-- POST /session/2cdcc738-beda-46c7-b347-f105479b3aad/element [39m[32m200[39m [90m780 ms - 137[39m
[38;5;0m[HTTP][0m [90m[39m
[38;5;0m[HTTP][0m [37m-->[39m [37mPOST[39m [37m/session/2cdcc738-beda-46c7-b347-f105479b3aad/element/00000000-0000-0180-ffff-ffff0000001f/clear[39m
[38;5;0m[HTTP][0m [90m{}[39m
[38;5;32m[AndroidUiautomator2Driver@16e6 (2cdcc738)][0m Calling AppiumDriver.clear() with args: ["00000000-0000-0180-ffff-ffff0000001f","2cdcc738-beda-46c7-b347-f105479b3aad"]
[38;5;32m[AndroidUiautomator2Driver@16e6 (2cdcc738)][0m Matched '/element/00000000-0000-0180-ffff-ffff0000001f/clear' to command name 'clear'
[38;5;32m[AndroidUiautomator2Driver@16e6 (2cdcc738)][0m Proxying [POST /element/00000000-0000-0180-ffff-ffff0000001f/clear] to [POST http://127.0.0.1:8201/session/79e4eb75-5348-4587-80e5-c906c03ca210/element/00000000-0000-0180-ffff-ffff0000001f/clear] with body: {"elementId":"00000000-0000-0180-ffff-ffff0000001f"}
[38;5;32m[AndroidUiautomator2Driver@16e6 (2cdcc738)][0m Got response with status 200: {"sessionId":"79e4eb75-5348-4587-80e5-c906c03ca210","value":null}
[38;5;32m[AndroidUiautomator2Driver@16e6 (2cdcc738)][0m Responding to client with driver.clear() result: null
[38;5;0m[HTTP][0m [37m<-- POST /session/2cdcc738-beda-46c7-b347-f105479b3aad/element/00000000-0000-0180-ffff-ffff0000001f/clear [39m[32m200[39m [90m66 ms - 14[39m
[38;5;0m[HTTP][0m [90m[39m
[38;5;0m[HTTP][0m [37m-->[39m [37mPOST[39m [37m/session/2cdcc738-beda-46c7-b347-f105479b3aad/element/00000000-0000-0180-ffff-ffff0000001f/value[39m
[38;5;0m[HTTP][0m [90m{"text":"45"}[39m
[38;5;32m[AndroidUiautomator2Driver@16e6 (2cdcc738)][0m Calling AppiumDriver.setValue() with args: ["45","00000000-0000-0180-ffff-ffff0000001f","2cdcc738-beda-46c7-b347-f105479b3aad"]
[38;5;32m[AndroidUiautomator2Driver@16e6 (2cdcc738)][0m Matched '/element/00000000-0000-0180-ffff-ffff0000001f/value' to command name 'setValue'
[38;5;32m[AndroidUiautomator2Driver@16e6 (2cdcc738)][0m Added 'value' property ["4","5"] to 'setValue' request body
[38;5;32m[AndroidUiautomator2Driver@16e6 (2cdcc738)][0m Proxying [POST /element/00000000-0000-0180-ffff-ffff0000001f/value] to [POST http://127.0.0.1:8201/session/79e4eb75-5348-4587-80e5-c906c03ca210/element/00000000-0000-0180-ffff-ffff0000001f/value] with body: {"elementId":"00000000-0000-0180-ffff-ffff0000001f","text":"45","replace":false,"value":["4","5"]}
[38;5;32m[AndroidUiautomator2Driver@16e6 (2cdcc738)][0m Got response with status 200: {"sessionId":"79e4eb75-5348-4587-80e5-c906c03ca210","value":null}
[38;5;32m[AndroidUiautomator2Driver@16e6 (2cdcc738)][0m Responding to client with driver.setValue() result: null
[38;5;0m[HTTP][0m [37m<-- POST /session/2cdcc738-beda-46c7-b347-f105479b3aad/element/00000000-0000-0180-ffff-ffff0000001f/value [39m[32m200[39m [90m1751 ms - 14[39m
[38;5;0m[HTTP][0m [90m[39m
[38;5;0m[HTTP][0m [37m-->[39m [37mPOST[39m [37m/session/2cdcc738-beda-46c7-b347-f105479b3aad/element[39m
[38;5;0m[HTTP][0m [90m{"using":"xpath","value":"//android.widget.EditText[@resource-id='com.fghilmany.dietmealapp:id/et_height']"}[39m
[38;5;32m[AndroidUiautomator2Driver@16e6 (2cdcc738)][0m Calling AppiumDriver.findElement() with args: ["xpath","//android.widget.EditText[@resource-id='com.fghilmany.dietmealapp:id/et_height']","2cdcc738-beda-46c7-b347-f105479b3aad"]
[38;5;32m[AndroidUiautomator2Driver@16e6 (2cdcc738)][0m Valid locator strategies for this request: xpath, id, class name, accessibility id, css selector, -android uiautomator
[38;5;32m[AndroidUiautomator2Driver@16e6 (2cdcc738)][0m Waiting up to 0 ms for condition
[38;5;32m[AndroidUiautomator2Driver@16e6 (2cdcc738)][0m Matched '/element' to command name 'findElement'
[38;5;32m[AndroidUiautomator2Driver@16e6 (2cdcc738)][0m Proxying [POST /element] to [POST http://127.0.0.1:8201/session/79e4eb75-5348-4587-80e5-c906c03ca210/element] with body: {"strategy":"xpath","selector":"//android.widget.EditText[@resource-id='com.fghilmany.dietmealapp:id/et_height']","context":"","multiple":false}
[38;5;32m[AndroidUiautomator2Driver@16e6 (2cdcc738)][0m Got response with status 200: {"sessionId":"79e4eb75-5348-4587-80e5-c906c03ca210","value":{"ELEMENT":"00000000-0000-0180-ffff-ffff0000002b","element-6066-11e4-a52e-4f735466cecf":"00000000-0000-0180-ffff-ffff0000002b"}}
[38;5;32m[AndroidUiautomator2Driver@16e6 (2cdcc738)][0m Responding to client with driver.findElement() result: {"element-6066-11e4-a52e-4f735466cecf":"00000000-0000-0180-ffff-ffff0000002b","ELEMENT":"00000000-0000-0180-ffff-ffff0000002b"}
[38;5;0m[HTTP][0m [37m<-- POST /session/2cdcc738-beda-46c7-b347-f105479b3aad/element [39m[32m200[39m [90m1193 ms - 137[39m
[38;5;0m[HTTP][0m [90m[39m
[38;5;0m[HTTP][0m [37m-->[39m [37mPOST[39m [37m/session/2cdcc738-beda-46c7-b347-f105479b3aad/element/00000000-0000-0180-ffff-ffff0000002b/click[39m
[38;5;0m[HTTP][0m [90m{}[39m
[38;5;32m[AndroidUiautomator2Driver@16e6 (2cdcc738)][0m Calling AppiumDriver.click() with args: ["00000000-0000-0180-ffff-ffff0000002b","2cdcc738-beda-46c7-b347-f105479b3aad"]
[38;5;32m[AndroidUiautomator2Driver@16e6 (2cdcc738)][0m Matched '/element/00000000-0000-0180-ffff-ffff0000002b/click' to command name 'click'
[38;5;32m[AndroidUiautomator2Driver@16e6 (2cdcc738)][0m Proxying [POST /element/00000000-0000-0180-ffff-ffff0000002b/click] to [POST http://127.0.0.1:8201/session/79e4eb75-5348-4587-80e5-c906c03ca210/element/00000000-0000-0180-ffff-ffff0000002b/click] with body: {"element":"00000000-0000-0180-ffff-ffff0000002b"}
[38;5;32m[AndroidUiautomator2Driver@16e6 (2cdcc738)][0m Got response with status 200: {"sessionId":"79e4eb75-5348-4587-80e5-c906c03ca210","value":null}
[38;5;32m[AndroidUiautomator2Driver@16e6 (2cdcc738)][0m Responding to client with driver.click() result: null
[38;5;0m[HTTP][0m [37m<-- POST /session/2cdcc738-beda-46c7-b347-f105479b3aad/element/00000000-0000-0180-ffff-ffff0000002b/click [39m[32m200[39m [90m209 ms - 14[39m
[38;5;0m[HTTP][0m [90m[39m
[38;5;0m[HTTP][0m [37m-->[39m [37mPOST[39m [37m/session/2cdcc738-beda-46c7-b347-f105479b3aad/element[39m
[38;5;0m[HTTP][0m [90m{"using":"xpath","value":"//android.widget.EditText[@resource-id='com.fghilmany.dietmealapp:id/et_height']"}[39m
[38;5;32m[AndroidUiautomator2Driver@16e6 (2cdcc738)][0m Calling AppiumDriver.findElement() with args: ["xpath","//android.widget.EditText[@resource-id='com.fghilmany.dietmealapp:id/et_height']","2cdcc738-beda-46c7-b347-f105479b3aad"]
[38;5;32m[AndroidUiautomator2Driver@16e6 (2cdcc738)][0m Valid locator strategies for this request: xpath, id, class name, accessibility id, css selector, -android uiautomator
[38;5;32m[AndroidUiautomator2Driver@16e6 (2cdcc738)][0m Waiting up to 0 ms for condition
[38;5;32m[AndroidUiautomator2Driver@16e6 (2cdcc738)][0m Matched '/element' to command name 'findElement'
[38;5;32m[AndroidUiautomator2Driver@16e6 (2cdcc738)][0m Proxying [POST /element] to [POST http://127.0.0.1:8201/session/79e4eb75-5348-4587-80e5-c906c03ca210/element] with body: {"strategy":"xpath","selector":"//android.widget.EditText[@resource-id='com.fghilmany.dietmealapp:id/et_height']","context":"","multiple":false}
[38;5;32m[AndroidUiautomator2Driver@16e6 (2cdcc738)][0m Got response with status 200: {"sessionId":"79e4eb75-5348-4587-80e5-c906c03ca210","value":{"ELEMENT":"00000000-0000-0180-ffff-ffff0000002b","element-6066-11e4-a52e-4f735466cecf":"00000000-0000-0180-ffff-ffff0000002b"}}
[38;5;32m[AndroidUiautomator2Driver@16e6 (2cdcc738)][0m Responding to client with driver.findElement() result: {"element-6066-11e4-a52e-4f735466cecf":"00000000-0000-0180-ffff-ffff0000002b","ELEMENT":"00000000-0000-0180-ffff-ffff0000002b"}
[38;5;0m[HTTP][0m [37m<-- POST /session/2cdcc738-beda-46c7-b347-f105479b3aad/element [39m[32m200[39m [90m607 ms - 137[39m
[38;5;0m[HTTP][0m [90m[39m
[38;5;0m[HTTP][0m [37m-->[39m [37mPOST[39m [37m/session/2cdcc738-beda-46c7-b347-f105479b3aad/element/00000000-0000-0180-ffff-ffff0000002b/clear[39m
[38;5;0m[HTTP][0m [90m{}[39m
[38;5;32m[AndroidUiautomator2Driver@16e6 (2cdcc738)][0m Calling AppiumDriver.clear() with args: ["00000000-0000-0180-ffff-ffff0000002b","2cdcc738-beda-46c7-b347-f105479b3aad"]
[38;5;32m[AndroidUiautomator2Driver@16e6 (2cdcc738)][0m Matched '/element/00000000-0000-0180-ffff-ffff0000002b/clear' to command name 'clear'
[38;5;32m[AndroidUiautomator2Driver@16e6 (2cdcc738)][0m Proxying [POST /element/00000000-0000-0180-ffff-ffff0000002b/clear] to [POST http://127.0.0.1:8201/session/79e4eb75-5348-4587-80e5-c906c03ca210/element/00000000-0000-0180-ffff-ffff0000002b/clear] with body: {"elementId":"00000000-0000-0180-ffff-ffff0000002b"}
[38;5;32m[AndroidUiautomator2Driver@16e6 (2cdcc738)][0m Got response with status 200: {"sessionId":"79e4eb75-5348-4587-80e5-c906c03ca210","value":null}
[38;5;32m[AndroidUiautomator2Driver@16e6 (2cdcc738)][0m Responding to client with driver.clear() result: null
[38;5;0m[HTTP][0m [37m<-- POST /session/2cdcc738-beda-46c7-b347-f105479b3aad/element/00000000-0000-0180-ffff-ffff0000002b/clear [39m[32m200[39m [90m71 ms - 14[39m
[38;5;0m[HTTP][0m [90m[39m
[38;5;0m[HTTP][0m [37m-->[39m [37mPOST[39m [37m/session/2cdcc738-beda-46c7-b347-f105479b3aad/element/00000000-0000-0180-ffff-ffff0000002b/value[39m
[38;5;0m[HTTP][0m [90m{"text":"155"}[39m
[38;5;32m[AndroidUiautomator2Driver@16e6 (2cdcc738)][0m Calling AppiumDriver.setValue() with args: ["155","00000000-0000-0180-ffff-ffff0000002b","2cdcc738-beda-46c7-b347-f105479b3aad"]
[38;5;32m[AndroidUiautomator2Driver@16e6 (2cdcc738)][0m Matched '/element/00000000-0000-0180-ffff-ffff0000002b/value' to command name 'setValue'
[38;5;32m[AndroidUiautomator2Driver@16e6 (2cdcc738)][0m Added 'value' property ["1","5","5"] to 'setValue' request body
[38;5;32m[AndroidUiautomator2Driver@16e6 (2cdcc738)][0m Proxying [POST /element/00000000-0000-0180-ffff-ffff0000002b/value] to [POST http://127.0.0.1:8201/session/79e4eb75-5348-4587-80e5-c906c03ca210/element/00000000-0000-0180-ffff-ffff0000002b/value] with body: {"elementId":"00000000-0000-0180-ffff-ffff0000002b","text":"155","replace":false,"value":["1","5","5"]}
[38;5;32m[AndroidUiautomator2Driver@16e6 (2cdcc738)][0m Got response with status 200: {"sessionId":"79e4eb75-5348-4587-80e5-c906c03ca210","value":null}
[38;5;32m[AndroidUiautomator2Driver@16e6 (2cdcc738)][0m Responding to client with driver.setValue() result: null
[38;5;0m[HTTP][0m [37m<-- POST /session/2cdcc738-beda-46c7-b347-f105479b3aad/element/00000000-0000-0180-ffff-ffff0000002b/value [39m[32m200[39m [90m1409 ms - 14[39m
[38;5;0m[HTTP][0m [90m[39m
[38;5;0m[HTTP][0m [37m-->[39m [37mPOST[39m [37m/session/2cdcc738-beda-46c7-b347-f105479b3aad/element[39m
[38;5;0m[HTTP][0m [90m{"using":"xpath","value":"//android.widget.RadioButton[@resource-id='com.fghilmany.dietmealapp:id/rb_female']"}[39m
[38;5;32m[AndroidUiautomator2Driver@16e6 (2cdcc738)][0m Calling AppiumDriver.findElement() with args: ["xpath","//android.widget.RadioButton[@resource-id='com.fghilmany.dietmealapp:id/rb_female']","2cdcc738-beda-46c7-b347-f105479b3aad"]
[38;5;32m[AndroidUiautomator2Driver@16e6 (2cdcc738)][0m Valid locator strategies for this request: xpath, id, class name, accessibility id, css selector, -android uiautomator
[38;5;32m[AndroidUiautomator2Driver@16e6 (2cdcc738)][0m Waiting up to 0 ms for condition
[38;5;32m[AndroidUiautomator2Driver@16e6 (2cdcc738)][0m Matched '/element' to command name 'findElement'
[38;5;32m[AndroidUiautomator2Driver@16e6 (2cdcc738)][0m Proxying [POST /element] to [POST http://127.0.0.1:8201/session/79e4eb75-5348-4587-80e5-c906c03ca210/element] with body: {"strategy":"xpath","selector":"//android.widget.RadioButton[@resource-id='com.fghilmany.dietmealapp:id/rb_female']","context":"","multiple":false}
[38;5;32m[AndroidUiautomator2Driver@16e6 (2cdcc738)][0m Got response with status 200: {"sessionId":"79e4eb75-5348-4587-80e5-c906c03ca210","value":{"ELEMENT":"00000000-0000-0180-ffff-ffff00000037","element-6066-11e4-a52e-4f735466cecf":"00000000-0000-0180-ffff-ffff00000037"}}
[38;5;32m[AndroidUiautomator2Driver@16e6 (2cdcc738)][0m Responding to client with driver.findElement() result: {"element-6066-11e4-a52e-4f735466cecf":"00000000-0000-0180-ffff-ffff00000037","ELEMENT":"00000000-0000-0180-ffff-ffff00000037"}
[38;5;0m[HTTP][0m [37m<-- POST /session/2cdcc738-beda-46c7-b347-f105479b3aad/element [39m[32m200[39m [90m699 ms - 137[39m
[38;5;0m[HTTP][0m [90m[39m
[38;5;0m[HTTP][0m [37m-->[39m [37mPOST[39m [37m/session/2cdcc738-beda-46c7-b347-f105479b3aad/element/00000000-0000-0180-ffff-ffff00000037/click[39m
[38;5;0m[HTTP][0m [90m{}[39m
[38;5;32m[AndroidUiautomator2Driver@16e6 (2cdcc738)][0m Calling AppiumDriver.click() with args: ["00000000-0000-0180-ffff-ffff00000037","2cdcc738-beda-46c7-b347-f105479b3aad"]
[38;5;32m[AndroidUiautomator2Driver@16e6 (2cdcc738)][0m Matched '/element/00000000-0000-0180-ffff-ffff00000037/click' to command name 'click'
[38;5;32m[AndroidUiautomator2Driver@16e6 (2cdcc738)][0m Proxying [POST /element/00000000-0000-0180-ffff-ffff00000037/click] to [POST http://127.0.0.1:8201/session/79e4eb75-5348-4587-80e5-c906c03ca210/element/00000000-0000-0180-ffff-ffff00000037/click] with body: {"element":"00000000-0000-0180-ffff-ffff00000037"}
[38;5;32m[AndroidUiautomator2Driver@16e6 (2cdcc738)][0m Got response with status 200: {"sessionId":"79e4eb75-5348-4587-80e5-c906c03ca210","value":null}
[38;5;32m[AndroidUiautomator2Driver@16e6 (2cdcc738)][0m Responding to client with driver.click() result: null
[38;5;0m[HTTP][0m [37m<-- POST /session/2cdcc738-beda-46c7-b347-f105479b3aad/element/00000000-0000-0180-ffff-ffff00000037/click [39m[32m200[39m [90m87 ms - 14[39m
[38;5;0m[HTTP][0m [90m[39m
[38;5;0m[HTTP][0m [37m-->[39m [37mPOST[39m [37m/session/2cdcc738-beda-46c7-b347-f105479b3aad/appium/device/hide_keyboard[39m
[38;5;0m[HTTP][0m [90m{}[39m
[38;5;32m[AndroidUiautomator2Driver@16e6 (2cdcc738)][0m Calling AppiumDriver.hideKeyboard() with args: [null,null,null,null,"2cdcc738-beda-46c7-b347-f105479b3aad"]
[38;5;64m[ADB][0m Running 'C:\Users\Vania Sasikirana\AppData\Local\Android\Sdk\platform-tools\adb.exe -P 5037 -s XGYL55LROBHAV8BU shell dumpsys input_method'
[38;5;64m[ADB][0m Running 'C:\Users\Vania Sasikirana\AppData\Local\Android\Sdk\platform-tools\adb.exe -P 5037 -s XGYL55LROBHAV8BU shell input keyevent 111'
[38;5;64m[ADB][0m Running 'C:\Users\Vania Sasikirana\AppData\Local\Android\Sdk\platform-tools\adb.exe -P 5037 -s XGYL55LROBHAV8BU shell dumpsys input_method'
[38;5;64m[ADB][0m Running 'C:\Users\Vania Sasikirana\AppData\Local\Android\Sdk\platform-tools\adb.exe -P 5037 -s XGYL55LROBHAV8BU shell input keyevent 4'
[38;5;64m[ADB][0m Running 'C:\Users\Vania Sasikirana\AppData\Local\Android\Sdk\platform-tools\adb.exe -P 5037 -s XGYL55LROBHAV8BU shell dumpsys input_method'
[38;5;32m[AndroidUiautomator2Driver@16e6 (2cdcc738)][0m Responding to client with driver.hideKeyboard() result: true
[38;5;0m[HTTP][0m [37m<-- POST /session/2cdcc738-beda-46c7-b347-f105479b3aad/appium/device/hide_keyboard [39m[32m200[39m [90m7664 ms - 14[39m
[38;5;0m[HTTP][0m [90m[39m
[38;5;0m[HTTP][0m [37m-->[39m [37mPOST[39m [37m/session/2cdcc738-beda-46c7-b347-f105479b3aad/element[39m
[38;5;0m[HTTP][0m [90m{"using":"xpath","value":"//android.widget.Button[@resource-id='com.fghilmany.dietmealapp:id/bt_next']"}[39m
[38;5;32m[AndroidUiautomator2Driver@16e6 (2cdcc738)][0m Calling AppiumDriver.findElement() with args: ["xpath","//android.widget.Button[@resource-id='com.fghilmany.dietmealapp:id/bt_next']","2cdcc738-beda-46c7-b347-f105479b3aad"]
[38;5;32m[AndroidUiautomator2Driver@16e6 (2cdcc738)][0m Valid locator strategies for this request: xpath, id, class name, accessibility id, css selector, -android uiautomator
[38;5;32m[AndroidUiautomator2Driver@16e6 (2cdcc738)][0m Waiting up to 0 ms for condition
[38;5;32m[AndroidUiautomator2Driver@16e6 (2cdcc738)][0m Matched '/element' to command name 'findElement'
[38;5;32m[AndroidUiautomator2Driver@16e6 (2cdcc738)][0m Proxying [POST /element] to [POST http://127.0.0.1:8201/session/79e4eb75-5348-4587-80e5-c906c03ca210/element] with body: {"strategy":"xpath","selector":"//android.widget.Button[@resource-id='com.fghilmany.dietmealapp:id/bt_next']","context":"","multiple":false}
[38;5;32m[AndroidUiautomator2Driver@16e6 (2cdcc738)][0m Got response with status 200: {"sessionId":"79e4eb75-5348-4587-80e5-c906c03ca210","value":{"ELEMENT":"00000000-0000-0180-ffff-ffff00000038","element-6066-11e4-a52e-4f735466cecf":"00000000-0000-0180-ffff-ffff00000038"}}
[38;5;32m[AndroidUiautomator2Driver@16e6 (2cdcc738)][0m Responding to client with driver.findElement() result: {"element-6066-11e4-a52e-4f735466cecf":"00000000-0000-0180-ffff-ffff00000038","ELEMENT":"00000000-0000-0180-ffff-ffff00000038"}
[38;5;0m[HTTP][0m [37m<-- POST /session/2cdcc738-beda-46c7-b347-f105479b3aad/element [39m[32m200[39m [90m147 ms - 137[39m
[38;5;0m[HTTP][0m [90m[39m
[38;5;0m[HTTP][0m [37m-->[39m [37mPOST[39m [37m/session/2cdcc738-beda-46c7-b347-f105479b3aad/element/00000000-0000-0180-ffff-ffff00000038/click[39m
[38;5;0m[HTTP][0m [90m{}[39m
[38;5;32m[AndroidUiautomator2Driver@16e6 (2cdcc738)][0m Calling AppiumDriver.click() with args: ["00000000-0000-0180-ffff-ffff00000038","2cdcc738-beda-46c7-b347-f105479b3aad"]
[38;5;32m[AndroidUiautomator2Driver@16e6 (2cdcc738)][0m Matched '/element/00000000-0000-0180-ffff-ffff00000038/click' to command name 'click'
[38;5;32m[AndroidUiautomator2Driver@16e6 (2cdcc738)][0m Proxying [POST /element/00000000-0000-0180-ffff-ffff00000038/click] to [POST http://127.0.0.1:8201/session/79e4eb75-5348-4587-80e5-c906c03ca210/element/00000000-0000-0180-ffff-ffff00000038/click] with body: {"element":"00000000-0000-0180-ffff-ffff00000038"}
[38;5;32m[AndroidUiautomator2Driver@16e6 (2cdcc738)][0m Got response with status 200: {"sessionId":"79e4eb75-5348-4587-80e5-c906c03ca210","value":null}
[38;5;32m[AndroidUiautomator2Driver@16e6 (2cdcc738)][0m Responding to client with driver.click() result: null
[38;5;0m[HTTP][0m [37m<-- POST /session/2cdcc738-beda-46c7-b347-f105479b3aad/element/00000000-0000-0180-ffff-ffff00000038/click [39m[32m200[39m [90m85 ms - 14[39m
[38;5;0m[HTTP][0m [90m[39m
[38;5;0m[HTTP][0m [37m-->[39m [37mPOST[39m [37m/session/2cdcc738-beda-46c7-b347-f105479b3aad/element[39m
[38;5;0m[HTTP][0m [90m{"using":"xpath","value":"//android.widget.RadioButton[@resource-id='com.fghilmany.dietmealapp:id/rb_low_to_medium']"}[39m
[38;5;32m[AndroidUiautomator2Driver@16e6 (2cdcc738)][0m Calling AppiumDriver.findElement() with args: ["xpath","//android.widget.RadioButton[@resource-id='com.fghilmany.dietmealapp:id/rb_low_to_medium']","2cdcc738-beda-46c7-b347-f105479b3aad"]
[38;5;32m[AndroidUiautomator2Driver@16e6 (2cdcc738)][0m Valid locator strategies for this request: xpath, id, class name, accessibility id, css selector, -android uiautomator
[38;5;32m[AndroidUiautomator2Driver@16e6 (2cdcc738)][0m Waiting up to 0 ms for condition
[38;5;32m[AndroidUiautomator2Driver@16e6 (2cdcc738)][0m Matched '/element' to command name 'findElement'
[38;5;32m[AndroidUiautomator2Driver@16e6 (2cdcc738)][0m Proxying [POST /element] to [POST http://127.0.0.1:8201/session/79e4eb75-5348-4587-80e5-c906c03ca210/element] with body: {"strategy":"xpath","selector":"//android.widget.RadioButton[@resource-id='com.fghilmany.dietmealapp:id/rb_low_to_medium']","context":"","multiple":false}
[38;5;32m[AndroidUiautomator2Driver@16e6 (2cdcc738)][0m Got response with status 200: {"sessionId":"79e4eb75-5348-4587-80e5-c906c03ca210","value":{"ELEMENT":"00000000-0000-0180-ffff-ffff00000040","element-6066-11e4-a52e-4f735466cecf":"00000000-0000-0180-ffff-ffff00000040"}}
[38;5;32m[AndroidUiautomator2Driver@16e6 (2cdcc738)][0m Responding to client with driver.findElement() result: {"element-6066-11e4-a52e-4f735466cecf":"00000000-0000-0180-ffff-ffff00000040","ELEMENT":"00000000-0000-0180-ffff-ffff00000040"}
[38;5;0m[HTTP][0m [37m<-- POST /session/2cdcc738-beda-46c7-b347-f105479b3aad/element [39m[32m200[39m [90m403 ms - 137[39m
[38;5;0m[HTTP][0m [90m[39m
[38;5;0m[HTTP][0m [37m-->[39m [37mPOST[39m [37m/session/2cdcc738-beda-46c7-b347-f105479b3aad/element/00000000-0000-0180-ffff-ffff00000040/click[39m
[38;5;0m[HTTP][0m [90m{}[39m
[38;5;32m[AndroidUiautomator2Driver@16e6 (2cdcc738)][0m Calling AppiumDriver.click() with args: ["00000000-0000-0180-ffff-ffff00000040","2cdcc738-beda-46c7-b347-f105479b3aad"]
[38;5;32m[AndroidUiautomator2Driver@16e6 (2cdcc738)][0m Matched '/element/00000000-0000-0180-ffff-ffff00000040/click' to command name 'click'
[38;5;32m[AndroidUiautomator2Driver@16e6 (2cdcc738)][0m Proxying [POST /element/00000000-0000-0180-ffff-ffff00000040/click] to [POST http://127.0.0.1:8201/session/79e4eb75-5348-4587-80e5-c906c03ca210/element/00000000-0000-0180-ffff-ffff00000040/click] with body: {"element":"00000000-0000-0180-ffff-ffff00000040"}
[38;5;32m[AndroidUiautomator2Driver@16e6 (2cdcc738)][0m Got response with status 200: {"sessionId":"79e4eb75-5348-4587-80e5-c906c03ca210","value":null}
[38;5;32m[AndroidUiautomator2Driver@16e6 (2cdcc738)][0m Responding to client with driver.click() result: null
[38;5;0m[HTTP][0m [37m<-- POST /session/2cdcc738-beda-46c7-b347-f105479b3aad/element/00000000-0000-0180-ffff-ffff00000040/click [39m[32m200[39m [90m493 ms - 14[39m
[38;5;0m[HTTP][0m [90m[39m
[38;5;0m[HTTP][0m [37m-->[39m [37mPOST[39m [37m/session/2cdcc738-beda-46c7-b347-f105479b3aad/element[39m
[38;5;0m[HTTP][0m [90m{"using":"xpath","value":"//android.widget.Button[@resource-id='com.fghilmany.dietmealapp:id/bt_finish']"}[39m
[38;5;32m[AndroidUiautomator2Driver@16e6 (2cdcc738)][0m Calling AppiumDriver.findElement() with args: ["xpath","//android.widget.Button[@resource-id='com.fghilmany.dietmealapp:id/bt_finish']","2cdcc738-beda-46c7-b347-f105479b3aad"]
[38;5;32m[AndroidUiautomator2Driver@16e6 (2cdcc738)][0m Valid locator strategies for this request: xpath, id, class name, accessibility id, css selector, -android uiautomator
[38;5;32m[AndroidUiautomator2Driver@16e6 (2cdcc738)][0m Waiting up to 0 ms for condition
[38;5;32m[AndroidUiautomator2Driver@16e6 (2cdcc738)][0m Matched '/element' to command name 'findElement'
[38;5;32m[AndroidUiautomator2Driver@16e6 (2cdcc738)][0m Proxying [POST /element] to [POST http://127.0.0.1:8201/session/79e4eb75-5348-4587-80e5-c906c03ca210/element] with body: {"strategy":"xpath","selector":"//android.widget.Button[@resource-id='com.fghilmany.dietmealapp:id/bt_finish']","context":"","multiple":false}
[38;5;32m[AndroidUiautomator2Driver@16e6 (2cdcc738)][0m Got response with status 200: {"sessionId":"79e4eb75-5348-4587-80e5-c906c03ca210","value":{"ELEMENT":"00000000-0000-0180-ffff-ffff00000044","element-6066-11e4-a52e-4f735466cecf":"00000000-0000-0180-ffff-ffff00000044"}}
[38;5;32m[AndroidUiautomator2Driver@16e6 (2cdcc738)][0m Responding to client with driver.findElement() result: {"element-6066-11e4-a52e-4f735466cecf":"00000000-0000-0180-ffff-ffff00000044","ELEMENT":"00000000-0000-0180-ffff-ffff00000044"}
[38;5;0m[HTTP][0m [37m<-- POST /session/2cdcc738-beda-46c7-b347-f105479b3aad/element [39m[32m200[39m [90m726 ms - 137[39m
[38;5;0m[HTTP][0m [90m[39m
[38;5;0m[HTTP][0m [37m-->[39m [37mPOST[39m [37m/session/2cdcc738-beda-46c7-b347-f105479b3aad/element/00000000-0000-0180-ffff-ffff00000044/click[39m
[38;5;0m[HTTP][0m [90m{}[39m
[38;5;32m[AndroidUiautomator2Driver@16e6 (2cdcc738)][0m Calling AppiumDriver.click() with args: ["00000000-0000-0180-ffff-ffff00000044","2cdcc738-beda-46c7-b347-f105479b3aad"]
[38;5;32m[AndroidUiautomator2Driver@16e6 (2cdcc738)][0m Matched '/element/00000000-0000-0180-ffff-ffff00000044/click' to command name 'click'
[38;5;32m[AndroidUiautomator2Driver@16e6 (2cdcc738)][0m Proxying [POST /element/00000000-0000-0180-ffff-ffff00000044/click] to [POST http://127.0.0.1:8201/session/79e4eb75-5348-4587-80e5-c906c03ca210/element/00000000-0000-0180-ffff-ffff00000044/click] with body: {"element":"00000000-0000-0180-ffff-ffff00000044"}
[38;5;32m[AndroidUiautomator2Driver@16e6 (2cdcc738)][0m Got response with status 200: {"sessionId":"79e4eb75-5348-4587-80e5-c906c03ca210","value":null}
[38;5;32m[AndroidUiautomator2Driver@16e6 (2cdcc738)][0m Responding to client with driver.click() result: null
[38;5;0m[HTTP][0m [37m<-- POST /session/2cdcc738-beda-46c7-b347-f105479b3aad/element/00000000-0000-0180-ffff-ffff00000044/click [39m[32m200[39m [90m82 ms - 14[39m
[38;5;0m[HTTP][0m [90m[39m
[38;5;0m[HTTP][0m [37m-->[39m [37mPOST[39m [37m/session/2cdcc738-beda-46c7-b347-f105479b3aad/element[39m
[38;5;0m[HTTP][0m [90m{"using":"xpath","value":"//android.widget.FrameLayout[@content-desc='Profile']"}[39m
[38;5;32m[AndroidUiautomator2Driver@16e6 (2cdcc738)][0m Calling AppiumDriver.findElement() with args: ["xpath","//android.widget.FrameLayout[@content-desc='Profile']","2cdcc738-beda-46c7-b347-f105479b3aad"]
[38;5;32m[AndroidUiautomator2Driver@16e6 (2cdcc738)][0m Valid locator strategies for this request: xpath, id, class name, accessibility id, css selector, -android uiautomator
[38;5;32m[AndroidUiautomator2Driver@16e6 (2cdcc738)][0m Waiting up to 0 ms for condition
[38;5;32m[AndroidUiautomator2Driver@16e6 (2cdcc738)][0m Matched '/element' to command name 'findElement'
[38;5;32m[AndroidUiautomator2Driver@16e6 (2cdcc738)][0m Proxying [POST /element] to [POST http://127.0.0.1:8201/session/79e4eb75-5348-4587-80e5-c906c03ca210/element] with body: {"strategy":"xpath","selector":"//android.widget.FrameLayout[@content-desc='Profile']","context":"","multiple":false}
[38;5;32m[AndroidUiautomator2Driver@16e6 (2cdcc738)][0m Got response with status 404: {"sessionId":"79e4eb75-5348-4587-80e5-c906c03ca210","value":{"error":"no such element","message":"An element could not be located on the page using the given search parameters","stacktrace":"io.appium.uiautomator2.common.exceptions.ElementNotFoundException: An element could not be located on the page using the given search parameters\n\tat io.appium.uiautomator2.utils.ElementLocationHelpers.findElement(ElementLocationHelpers.java:156)\n\tat io.appium.uiautomator2.handler.FindElement.safeHandle(FindElement.java:60)\n\tat io.appium.uiautomator2.handler.request.SafeRequestHandler.handle(SafeRequestHandler.java:59)\n\tat io.appium.uiautomator2.server.AppiumServlet.handleRequest(AppiumServlet.java:277)\n\tat io.appium.uiautomator2.server.AppiumServlet.handleHttpRequest(AppiumServlet.java:271)\n\tat io.appium.uiautomator2.http.ServerHandler.channelRead(ServerHandler.java:77)\n\tat io.netty.channel.AbstractChannelHandlerContext.invokeChannelRead(AbstractChannelHandlerContext.java:366)\n\tat io.netty.channel.Abstr...
[38;5;128m[W3C][0m Matched W3C error code 'no such element' to NoSuchElementError
[38;5;32m[AndroidUiautomator2Driver@16e6 (2cdcc738)][0m Encountered internal error running command: NoSuchElementError: An element could not be located on the page using the given search parameters.
[38;5;32m[AndroidUiautomator2Driver@16e6 (2cdcc738)][0m     at AndroidUiautomator2Driver.findElOrEls (C:\Users\Vania Sasikirana\Desktop\Sanbercode\finalproject-task2-mobileAppium\webdriverIOmobile\node_modules\appium-uiautomator2-driver\node_modules\appium-android-driver\lib\commands\find.ts:87:11)
[38;5;32m[AndroidUiautomator2Driver@16e6 (2cdcc738)][0m     at processTicksAndRejections (node:internal/process/task_queues:95:5)
[38;5;32m[AndroidUiautomator2Driver@16e6 (2cdcc738)][0m     at AndroidUiautomator2Driver.findElOrElsWithProcessing (C:\Users\Vania Sasikirana\Desktop\Sanbercode\finalproject-task2-mobileAppium\webdriverIOmobile\node_modules\@appium\base-driver\lib\basedriver\commands\find.ts:60:12)
[38;5;32m[AndroidUiautomator2Driver@16e6 (2cdcc738)][0m     at AndroidUiautomator2Driver.findElement (C:\Users\Vania Sasikirana\Desktop\Sanbercode\finalproject-task2-mobileAppium\webdriverIOmobile\node_modules\@appium\base-driver\lib\basedriver\commands\find.ts:75:12)
[38;5;0m[HTTP][0m [37m<-- POST /session/2cdcc738-beda-46c7-b347-f105479b3aad/element [39m[33m404[39m [90m1244 ms - 1043[39m
[38;5;0m[HTTP][0m [90m[39m
[38;5;0m[HTTP][0m [37m-->[39m [37mPOST[39m [37m/session/2cdcc738-beda-46c7-b347-f105479b3aad/elements[39m
[38;5;0m[HTTP][0m [90m{"using":"xpath","value":"//android.widget.FrameLayout[@content-desc='Profile']"}[39m
[38;5;32m[AndroidUiautomator2Driver@16e6 (2cdcc738)][0m Calling AppiumDriver.findElements() with args: ["xpath","//android.widget.FrameLayout[@content-desc='Profile']","2cdcc738-beda-46c7-b347-f105479b3aad"]
[38;5;32m[AndroidUiautomator2Driver@16e6 (2cdcc738)][0m Valid locator strategies for this request: xpath, id, class name, accessibility id, css selector, -android uiautomator
[38;5;32m[AndroidUiautomator2Driver@16e6 (2cdcc738)][0m Waiting up to 0 ms for condition
[38;5;32m[AndroidUiautomator2Driver@16e6 (2cdcc738)][0m Matched '/elements' to command name 'findElements'
[38;5;32m[AndroidUiautomator2Driver@16e6 (2cdcc738)][0m Proxying [POST /elements] to [POST http://127.0.0.1:8201/session/79e4eb75-5348-4587-80e5-c906c03ca210/elements] with body: {"strategy":"xpath","selector":"//android.widget.FrameLayout[@content-desc='Profile']","context":"","multiple":true}
[38;5;32m[AndroidUiautomator2Driver@16e6 (2cdcc738)][0m Got response with status 200: {"sessionId":"79e4eb75-5348-4587-80e5-c906c03ca210","value":[{"ELEMENT":"00000000-0000-0181-ffff-ffff00000059","element-6066-11e4-a52e-4f735466cecf":"00000000-0000-0181-ffff-ffff00000059"}]}
[38;5;32m[AndroidUiautomator2Driver@16e6 (2cdcc738)][0m Responding to client with driver.findElements() result: [{"element-6066-11e4-a52e-4f735466cecf":"00000000-0000-0181-ffff-ffff00000059","ELEMENT":"00000000-0000-0181-ffff-ffff00000059"}]
[38;5;0m[HTTP][0m [37m<-- POST /session/2cdcc738-beda-46c7-b347-f105479b3aad/elements [39m[32m200[39m [90m846 ms - 139[39m
[38;5;0m[HTTP][0m [90m[39m
[38;5;0m[HTTP][0m [37m-->[39m [37mPOST[39m [37m/session/2cdcc738-beda-46c7-b347-f105479b3aad/element[39m
[38;5;0m[HTTP][0m [90m{"using":"xpath","value":"//android.widget.FrameLayout[@content-desc='Profile']"}[39m
[38;5;32m[AndroidUiautomator2Driver@16e6 (2cdcc738)][0m Calling AppiumDriver.findElement() with args: ["xpath","//android.widget.FrameLayout[@content-desc='Profile']","2cdcc738-beda-46c7-b347-f105479b3aad"]
[38;5;32m[AndroidUiautomator2Driver@16e6 (2cdcc738)][0m Valid locator strategies for this request: xpath, id, class name, accessibility id, css selector, -android uiautomator
[38;5;32m[AndroidUiautomator2Driver@16e6 (2cdcc738)][0m Waiting up to 0 ms for condition
[38;5;32m[AndroidUiautomator2Driver@16e6 (2cdcc738)][0m Matched '/element' to command name 'findElement'
[38;5;32m[AndroidUiautomator2Driver@16e6 (2cdcc738)][0m Proxying [POST /element] to [POST http://127.0.0.1:8201/session/79e4eb75-5348-4587-80e5-c906c03ca210/element] with body: {"strategy":"xpath","selector":"//android.widget.FrameLayout[@content-desc='Profile']","context":"","multiple":false}
[38;5;32m[AndroidUiautomator2Driver@16e6 (2cdcc738)][0m Got response with status 200: {"sessionId":"79e4eb75-5348-4587-80e5-c906c03ca210","value":{"ELEMENT":"00000000-0000-0181-ffff-ffff00000059","element-6066-11e4-a52e-4f735466cecf":"00000000-0000-0181-ffff-ffff00000059"}}
[38;5;32m[AndroidUiautomator2Driver@16e6 (2cdcc738)][0m Responding to client with driver.findElement() result: {"element-6066-11e4-a52e-4f735466cecf":"00000000-0000-0181-ffff-ffff00000059","ELEMENT":"00000000-0000-0181-ffff-ffff00000059"}
[38;5;0m[HTTP][0m [37m<-- POST /session/2cdcc738-beda-46c7-b347-f105479b3aad/element [39m[32m200[39m [90m237 ms - 137[39m
[38;5;0m[HTTP][0m [90m[39m
[38;5;0m[HTTP][0m [37m-->[39m [37mPOST[39m [37m/session/2cdcc738-beda-46c7-b347-f105479b3aad/element/00000000-0000-0181-ffff-ffff00000059/click[39m
[38;5;0m[HTTP][0m [90m{}[39m
[38;5;32m[AndroidUiautomator2Driver@16e6 (2cdcc738)][0m Calling AppiumDriver.click() with args: ["00000000-0000-0181-ffff-ffff00000059","2cdcc738-beda-46c7-b347-f105479b3aad"]
[38;5;32m[AndroidUiautomator2Driver@16e6 (2cdcc738)][0m Matched '/element/00000000-0000-0181-ffff-ffff00000059/click' to command name 'click'
[38;5;32m[AndroidUiautomator2Driver@16e6 (2cdcc738)][0m Proxying [POST /element/00000000-0000-0181-ffff-ffff00000059/click] to [POST http://127.0.0.1:8201/session/79e4eb75-5348-4587-80e5-c906c03ca210/element/00000000-0000-0181-ffff-ffff00000059/click] with body: {"element":"00000000-0000-0181-ffff-ffff00000059"}
[38;5;32m[AndroidUiautomator2Driver@16e6 (2cdcc738)][0m Got response with status 200: {"sessionId":"79e4eb75-5348-4587-80e5-c906c03ca210","value":null}
[38;5;32m[AndroidUiautomator2Driver@16e6 (2cdcc738)][0m Responding to client with driver.click() result: null
[38;5;0m[HTTP][0m [37m<-- POST /session/2cdcc738-beda-46c7-b347-f105479b3aad/element/00000000-0000-0181-ffff-ffff00000059/click [39m[32m200[39m [90m77 ms - 14[39m
[38;5;0m[HTTP][0m [90m[39m
[38;5;0m[HTTP][0m [37m-->[39m [37mPOST[39m [37m/session/2cdcc738-beda-46c7-b347-f105479b3aad/element[39m
[38;5;0m[HTTP][0m [90m{"using":"xpath","value":"//android.widget.ImageButton[@content-desc='add_profile']"}[39m
[38;5;32m[AndroidUiautomator2Driver@16e6 (2cdcc738)][0m Calling AppiumDriver.findElement() with args: ["xpath","//android.widget.ImageButton[@content-desc='add_profile']","2cdcc738-beda-46c7-b347-f105479b3aad"]
[38;5;32m[AndroidUiautomator2Driver@16e6 (2cdcc738)][0m Valid locator strategies for this request: xpath, id, class name, accessibility id, css selector, -android uiautomator
[38;5;32m[AndroidUiautomator2Driver@16e6 (2cdcc738)][0m Waiting up to 0 ms for condition
[38;5;32m[AndroidUiautomator2Driver@16e6 (2cdcc738)][0m Matched '/element' to command name 'findElement'
[38;5;32m[AndroidUiautomator2Driver@16e6 (2cdcc738)][0m Proxying [POST /element] to [POST http://127.0.0.1:8201/session/79e4eb75-5348-4587-80e5-c906c03ca210/element] with body: {"strategy":"xpath","selector":"//android.widget.ImageButton[@content-desc='add_profile']","context":"","multiple":false}
[38;5;32m[AndroidUiautomator2Driver@16e6 (2cdcc738)][0m Got response with status 404: {"sessionId":"79e4eb75-5348-4587-80e5-c906c03ca210","value":{"error":"no such element","message":"An element could not be located on the page using the given search parameters","stacktrace":"io.appium.uiautomator2.common.exceptions.ElementNotFoundException: An element could not be located on the page using the given search parameters\n\tat io.appium.uiautomator2.utils.ElementLocationHelpers.findElement(ElementLocationHelpers.java:156)\n\tat io.appium.uiautomator2.handler.FindElement.safeHandle(FindElement.java:60)\n\tat io.appium.uiautomator2.handler.request.SafeRequestHandler.handle(SafeRequestHandler.java:59)\n\tat io.appium.uiautomator2.server.AppiumServlet.handleRequest(AppiumServlet.java:277)\n\tat io.appium.uiautomator2.server.AppiumServlet.handleHttpRequest(AppiumServlet.java:271)\n\tat io.appium.uiautomator2.http.ServerHandler.channelRead(ServerHandler.java:77)\n\tat io.netty.channel.AbstractChannelHandlerContext.invokeChannelRead(AbstractChannelHandlerContext.java:366)\n\tat io.netty.channel.Abstr...
[38;5;128m[W3C][0m Matched W3C error code 'no such element' to NoSuchElementError
[38;5;32m[AndroidUiautomator2Driver@16e6 (2cdcc738)][0m Encountered internal error running command: NoSuchElementError: An element could not be located on the page using the given search parameters.
[38;5;32m[AndroidUiautomator2Driver@16e6 (2cdcc738)][0m     at AndroidUiautomator2Driver.findElOrEls (C:\Users\Vania Sasikirana\Desktop\Sanbercode\finalproject-task2-mobileAppium\webdriverIOmobile\node_modules\appium-uiautomator2-driver\node_modules\appium-android-driver\lib\commands\find.ts:87:11)
[38;5;32m[AndroidUiautomator2Driver@16e6 (2cdcc738)][0m     at processTicksAndRejections (node:internal/process/task_queues:95:5)
[38;5;32m[AndroidUiautomator2Driver@16e6 (2cdcc738)][0m     at AndroidUiautomator2Driver.findElOrElsWithProcessing (C:\Users\Vania Sasikirana\Desktop\Sanbercode\finalproject-task2-mobileAppium\webdriverIOmobile\node_modules\@appium\base-driver\lib\basedriver\commands\find.ts:60:12)
[38;5;32m[AndroidUiautomator2Driver@16e6 (2cdcc738)][0m     at AndroidUiautomator2Driver.findElement (C:\Users\Vania Sasikirana\Desktop\Sanbercode\finalproject-task2-mobileAppium\webdriverIOmobile\node_modules\@appium\base-driver\lib\basedriver\commands\find.ts:75:12)
[38;5;0m[HTTP][0m [37m<-- POST /session/2cdcc738-beda-46c7-b347-f105479b3aad/element [39m[33m404[39m [90m867 ms - 1043[39m
[38;5;0m[HTTP][0m [90m[39m
[38;5;0m[HTTP][0m [37m-->[39m [37mPOST[39m [37m/session/2cdcc738-beda-46c7-b347-f105479b3aad/elements[39m
[38;5;0m[HTTP][0m [90m{"using":"xpath","value":"//android.widget.ImageButton[@content-desc='add_profile']"}[39m
[38;5;32m[AndroidUiautomator2Driver@16e6 (2cdcc738)][0m Calling AppiumDriver.findElements() with args: ["xpath","//android.widget.ImageButton[@content-desc='add_profile']","2cdcc738-beda-46c7-b347-f105479b3aad"]
[38;5;32m[AndroidUiautomator2Driver@16e6 (2cdcc738)][0m Valid locator strategies for this request: xpath, id, class name, accessibility id, css selector, -android uiautomator
[38;5;32m[AndroidUiautomator2Driver@16e6 (2cdcc738)][0m Waiting up to 0 ms for condition
[38;5;32m[AndroidUiautomator2Driver@16e6 (2cdcc738)][0m Matched '/elements' to command name 'findElements'
[38;5;32m[AndroidUiautomator2Driver@16e6 (2cdcc738)][0m Proxying [POST /elements] to [POST http://127.0.0.1:8201/session/79e4eb75-5348-4587-80e5-c906c03ca210/elements] with body: {"strategy":"xpath","selector":"//android.widget.ImageButton[@content-desc='add_profile']","context":"","multiple":true}
[38;5;32m[AndroidUiautomator2Driver@16e6 (2cdcc738)][0m Got response with status 200: {"sessionId":"79e4eb75-5348-4587-80e5-c906c03ca210","value":[{"ELEMENT":"00000000-0000-0181-ffff-ffff000000d1","element-6066-11e4-a52e-4f735466cecf":"00000000-0000-0181-ffff-ffff000000d1"}]}
[38;5;32m[AndroidUiautomator2Driver@16e6 (2cdcc738)][0m Responding to client with driver.findElements() result: [{"element-6066-11e4-a52e-4f735466cecf":"00000000-0000-0181-ffff-ffff000000d1","ELEMENT":"00000000-0000-0181-ffff-ffff000000d1"}]
[38;5;0m[HTTP][0m [37m<-- POST /session/2cdcc738-beda-46c7-b347-f105479b3aad/elements [39m[32m200[39m [90m671 ms - 139[39m
[38;5;0m[HTTP][0m [90m[39m
[38;5;0m[HTTP][0m [37m-->[39m [37mPOST[39m [37m/session/2cdcc738-beda-46c7-b347-f105479b3aad/element[39m
[38;5;0m[HTTP][0m [90m{"using":"xpath","value":"//android.widget.ImageButton[@content-desc='add_profile']"}[39m
[38;5;32m[AndroidUiautomator2Driver@16e6 (2cdcc738)][0m Calling AppiumDriver.findElement() with args: ["xpath","//android.widget.ImageButton[@content-desc='add_profile']","2cdcc738-beda-46c7-b347-f105479b3aad"]
[38;5;32m[AndroidUiautomator2Driver@16e6 (2cdcc738)][0m Valid locator strategies for this request: xpath, id, class name, accessibility id, css selector, -android uiautomator
[38;5;32m[AndroidUiautomator2Driver@16e6 (2cdcc738)][0m Waiting up to 0 ms for condition
[38;5;32m[AndroidUiautomator2Driver@16e6 (2cdcc738)][0m Matched '/element' to command name 'findElement'
[38;5;32m[AndroidUiautomator2Driver@16e6 (2cdcc738)][0m Proxying [POST /element] to [POST http://127.0.0.1:8201/session/79e4eb75-5348-4587-80e5-c906c03ca210/element] with body: {"strategy":"xpath","selector":"//android.widget.ImageButton[@content-desc='add_profile']","context":"","multiple":false}
[38;5;32m[AndroidUiautomator2Driver@16e6 (2cdcc738)][0m Got response with status 200: {"sessionId":"79e4eb75-5348-4587-80e5-c906c03ca210","value":{"ELEMENT":"00000000-0000-0181-ffff-ffff000000d1","element-6066-11e4-a52e-4f735466cecf":"00000000-0000-0181-ffff-ffff000000d1"}}
[38;5;32m[AndroidUiautomator2Driver@16e6 (2cdcc738)][0m Responding to client with driver.findElement() result: {"element-6066-11e4-a52e-4f735466cecf":"00000000-0000-0181-ffff-ffff000000d1","ELEMENT":"00000000-0000-0181-ffff-ffff000000d1"}
[38;5;0m[HTTP][0m [37m<-- POST /session/2cdcc738-beda-46c7-b347-f105479b3aad/element [39m[32m200[39m [90m213 ms - 137[39m
[38;5;0m[HTTP][0m [90m[39m
[38;5;0m[HTTP][0m [37m-->[39m [37mPOST[39m [37m/session/2cdcc738-beda-46c7-b347-f105479b3aad/element/00000000-0000-0181-ffff-ffff000000d1/click[39m
[38;5;0m[HTTP][0m [90m{}[39m
[38;5;32m[AndroidUiautomator2Driver@16e6 (2cdcc738)][0m Calling AppiumDriver.click() with args: ["00000000-0000-0181-ffff-ffff000000d1","2cdcc738-beda-46c7-b347-f105479b3aad"]
[38;5;32m[AndroidUiautomator2Driver@16e6 (2cdcc738)][0m Matched '/element/00000000-0000-0181-ffff-ffff000000d1/click' to command name 'click'
[38;5;32m[AndroidUiautomator2Driver@16e6 (2cdcc738)][0m Proxying [POST /element/00000000-0000-0181-ffff-ffff000000d1/click] to [POST http://127.0.0.1:8201/session/79e4eb75-5348-4587-80e5-c906c03ca210/element/00000000-0000-0181-ffff-ffff000000d1/click] with body: {"element":"00000000-0000-0181-ffff-ffff000000d1"}
[38;5;32m[AndroidUiautomator2Driver@16e6 (2cdcc738)][0m Got response with status 200: {"sessionId":"79e4eb75-5348-4587-80e5-c906c03ca210","value":null}
[38;5;32m[AndroidUiautomator2Driver@16e6 (2cdcc738)][0m Responding to client with driver.click() result: null
[38;5;0m[HTTP][0m [37m<-- POST /session/2cdcc738-beda-46c7-b347-f105479b3aad/element/00000000-0000-0181-ffff-ffff000000d1/click [39m[32m200[39m [90m74 ms - 14[39m
[38;5;0m[HTTP][0m [90m[39m
[38;5;0m[HTTP][0m [37m-->[39m [37mDELETE[39m [37m/session/2cdcc738-beda-46c7-b347-f105479b3aad[39m
[38;5;0m[HTTP][0m [90m{}[39m
[38;5;32m[AndroidUiautomator2Driver@16e6 (2cdcc738)][0m Calling AppiumDriver.deleteSession() with args: ["2cdcc738-beda-46c7-b347-f105479b3aad"]
[38;5;16m[AppiumDriver@eead][0m Event 'quitSessionRequested' logged at 1698599643458 (00:14:03 GMT+0700 (Western Indonesia Time))
[38;5;16m[AppiumDriver@eead][0m Removing session 2cdcc738-beda-46c7-b347-f105479b3aad from our master session list
[38;5;32m[AndroidUiautomator2Driver@16e6 (2cdcc738)][0m Deleting UiAutomator2 session
[38;5;32m[AndroidUiautomator2Driver@16e6 (2cdcc738)][0m Deleting UiAutomator2 server session
[38;5;32m[AndroidUiautomator2Driver@16e6 (2cdcc738)][0m Matched '/' to command name 'deleteSession'
[38;5;32m[AndroidUiautomator2Driver@16e6 (2cdcc738)][0m Proxying [DELETE /] to [DELETE http://127.0.0.1:8201/session/79e4eb75-5348-4587-80e5-c906c03ca210] with no body
[38;5;32m[AndroidUiautomator2Driver@16e6 (2cdcc738)][0m Got response with status 200: {"sessionId":"79e4eb75-5348-4587-80e5-c906c03ca210","value":null}
[38;5;64m[ADB][0m Running 'C:\Users\Vania Sasikirana\AppData\Local\Android\Sdk\platform-tools\adb.exe -P 5037 -s XGYL55LROBHAV8BU shell dumpsys activity services io.appium.settings/.recorder.RecorderService'
[38;5;96m[Logcat][0m Stopping logcat capture
[38;5;64m[ADB][0m Removing forwarded port socket connection: 8201 
[38;5;64m[ADB][0m Running 'C:\Users\Vania Sasikirana\AppData\Local\Android\Sdk\platform-tools\adb.exe -P 5037 -s XGYL55LROBHAV8BU forward --remove tcp:8201'
[38;5;32m[AndroidUiautomator2Driver@16e6 (2cdcc738)][0m Restoring hidden api policy to the device default configuration
[38;5;64m[ADB][0m Running 'C:\Users\Vania Sasikirana\AppData\Local\Android\Sdk\platform-tools\adb.exe -P 5037 -s XGYL55LROBHAV8BU shell 'settings delete global hidden_api_policy_pre_p_apps;settings delete global hidden_api_policy_p_apps;settings delete global hidden_api_policy''
[38;5;16m[AppiumDriver@eead][0m Event 'quitSessionFinished' logged at 1698599643929 (00:14:03 GMT+0700 (Western Indonesia Time))
[38;5;16m[AppiumDriver@eead][0m Received response: null
[38;5;16m[AppiumDriver@eead][0m But deleting session, so not returning
[38;5;16m[AppiumDriver@eead][0m Responding to client with driver.deleteSession() result: null
[38;5;0m[HTTP][0m [37m<-- DELETE /session/2cdcc738-beda-46c7-b347-f105479b3aad [39m[32m200[39m [90m471 ms - 14[39m
[38;5;0m[HTTP][0m [90m[39m
